This is e-upTeX, Version 3.14159265-p3.7.1-u1.22-161114-2.6 (utf8.uptex) (TeX Live 2017/W32TeX) (preloaded format=uplatex 2018.4.9)  19 APR 2019 12:52
entering extended mode
 restricted \write18 enabled.
 %&-line parsing enabled.
**./03.tex
(./03.tex
pLaTeX2e <2017/05/05u01> (based on LaTeX2e <2017-04-15>)
Babel <3.10> and hyphenation patterns for 84 language(s) loaded.
! Undefined control sequence.
l.2 \chapter
            {サブシステム開発の経緯（設計・試験）}
The control sequence at the end of the top line
of your error message was never \def'ed. If you have
misspelled it (e.g., `\hobx'), type `I' and the correct
spelling (e.g., `I\hbox'). Otherwise just continue,
and I'll forget about whatever was undefined.


! LaTeX Error: Missing \begin{document}.

See the LaTeX manual or LaTeX Companion for explanation.
Type  H <return>  for immediate help.
 ...                                              
                                                  
l.2 \chapter{サ
                ブシステム開発の経緯（設計・試験）}
You're in trouble here.  Try typing  <return>  to proceed.
If that doesn't work, type  X <return>  to quit.


Overfull \hbox (20.0pt too wide) in paragraph at lines 2--4
[]
 []


Overfull \hbox (9.6222pt too wide) in paragraph at lines 2--4
\JY2/mc/m/n/10 サ
 []


Overfull \hbox (9.6222pt too wide) in paragraph at lines 2--4
\JY2/mc/m/n/10 ブ
 []


Overfull \hbox (9.6222pt too wide) in paragraph at lines 2--4
\JY2/mc/m/n/10 シ
 []


Overfull \hbox (9.6222pt too wide) in paragraph at lines 2--4
\JY2/mc/m/n/10 ス
 []


Overfull \hbox (9.6222pt too wide) in paragraph at lines 2--4
\JY2/mc/m/n/10 テ
 []


Overfull \hbox (9.6222pt too wide) in paragraph at lines 2--4
\JY2/mc/m/n/10 ム
 []


Overfull \hbox (9.6222pt too wide) in paragraph at lines 2--4
\JY2/mc/m/n/10 開
 []


Overfull \hbox (9.6222pt too wide) in paragraph at lines 2--4
\JY2/mc/m/n/10 発
 []


Overfull \hbox (9.6222pt too wide) in paragraph at lines 2--4
\JY2/mc/m/n/10 の
 []


Overfull \hbox (9.6222pt too wide) in paragraph at lines 2--4
\JY2/mc/m/n/10 経
 []


Overfull \hbox (9.6222pt too wide) in paragraph at lines 2--4
\JY2/mc/m/n/10 緯
 []


Overfull \hbox (13.93329pt too wide) in paragraph at lines 2--4
\JY2/mc/m/n/10 （ 設
 []


Overfull \hbox (14.43329pt too wide) in paragraph at lines 2--4
\JY2/mc/m/n/10 計 ・
 []


Overfull \hbox (9.6222pt too wide) in paragraph at lines 2--4
\JY2/mc/m/n/10 試
 []


Overfull \hbox (13.93329pt too wide) in paragraph at lines 2--4
\JY2/mc/m/n/10 験 ）
 []

(./03/03_1.tex
! Undefined control sequence.
l.1 \section
            {電源系 (概要/EPS/インヒビット設計(二重絶縁)/...
The control sequence at the end of the top line
of your error message was never \def'ed. If you have
misspelled it (e.g., `\hobx'), type `I' and the correct
spelling (e.g., `I\hbox'). Otherwise just continue,
and I'll forget about whatever was undefined.


! LaTeX Error: Missing \begin{document}.

See the LaTeX manual or LaTeX Companion for explanation.
Type  H <return>  for immediate help.
 ...                                              
                                                  
l.1 \section{電
                源系 (概要/EPS/インヒビット設計(二重絶縁)/...
You're in trouble here.  Try typing  <return>  to proceed.
If that doesn't work, type  X <return>  to quit.

) (./03/03_2.tex
! Undefined control sequence.
l.1 \section
            {通信系 (衛星)　（大本）}
The control sequence at the end of the top line
of your error message was never \def'ed. If you have
misspelled it (e.g., `\hobx'), type `I' and the correct
spelling (e.g., `I\hbox'). Otherwise just continue,
and I'll forget about whatever was undefined.

) (./03/03_3.tex
! Undefined control sequence.
l.1 \section
            {地上局（加藤・飯島）}
The control sequence at the end of the top line
of your error message was never \def'ed. If you have
misspelled it (e.g., `\hobx'), type `I' and the correct
spelling (e.g., `I\hbox'). Otherwise just continue,
and I'll forget about whatever was undefined.

) (./03/03_4.tex
! Undefined control sequence.
l.1 \section
            {C\&DH系（OBC 岩崎・小出・林・井手, COBC　黒崎・...
The control sequence at the end of the top line
of your error message was never \def'ed. If you have
misspelled it (e.g., `\hobx'), type `I' and the correct
spelling (e.g., `I\hbox'). Otherwise just continue,
and I'll forget about whatever was undefined.

(./03/03_4_CIB.tex
Overfull \hbox (20.0pt too wide) in paragraph at lines 1--2
[]
 []


Overfull \hbox (9.6222pt too wide) in paragraph at lines 1--2
\JY2/mc/m/n/10 電
 []


Overfull \hbox (9.6222pt too wide) in paragraph at lines 1--2
\JY2/mc/m/n/10 源
 []


Overfull \hbox (9.6222pt too wide) in paragraph at lines 1--2
\JY2/mc/m/n/10 系
 []


Overfull \hbox (13.5111pt too wide) in paragraph at lines 1--2
\OT1/cmr/m/n/10 (\JY2/mc/m/n/10 概
 []


Overfull \hbox (9.6222pt too wide) in paragraph at lines 1--2
\JY2/mc/m/n/10 要
 []


Overfull \hbox (29.16675pt too wide) in paragraph at lines 1--2
\OT1/cmr/m/n/10 /EPS/
 []


Overfull \hbox (9.6222pt too wide) in paragraph at lines 1--2
\JY2/mc/m/n/10 イ
 []


Overfull \hbox (9.6222pt too wide) in paragraph at lines 1--2
\JY2/mc/m/n/10 ン
 []


Overfull \hbox (9.6222pt too wide) in paragraph at lines 1--2
\JY2/mc/m/n/10 ヒ
 []


Overfull \hbox (9.6222pt too wide) in paragraph at lines 1--2
\JY2/mc/m/n/10 ビ
 []


Overfull \hbox (9.6222pt too wide) in paragraph at lines 1--2
\JY2/mc/m/n/10 ッ
 []


Overfull \hbox (9.6222pt too wide) in paragraph at lines 1--2
\JY2/mc/m/n/10 ト
 []


Overfull \hbox (9.6222pt too wide) in paragraph at lines 1--2
\JY2/mc/m/n/10 設
 []


Overfull \hbox (9.6222pt too wide) in paragraph at lines 1--2
\JY2/mc/m/n/10 計
 []


Overfull \hbox (13.5111pt too wide) in paragraph at lines 1--2
\OT1/cmr/m/n/10 (\JY2/mc/m/n/10 二
 []


Overfull \hbox (9.6222pt too wide) in paragraph at lines 1--2
\JY2/mc/m/n/10 重
 []


Overfull \hbox (9.6222pt too wide) in paragraph at lines 1--2
\JY2/mc/m/n/10 絶
 []


Overfull \hbox (18.51111pt too wide) in paragraph at lines 1--2
\JY2/mc/m/n/10 縁\OT1/cmr/m/n/10 )/
 []


Overfull \hbox (9.6222pt too wide) in paragraph at lines 1--2
\JY2/mc/m/n/10 電
 []


Overfull \hbox (9.6222pt too wide) in paragraph at lines 1--2
\JY2/mc/m/n/10 源
 []


Overfull \hbox (9.6222pt too wide) in paragraph at lines 1--2
\JY2/mc/m/n/10 系
 []


Overfull \hbox (9.6222pt too wide) in paragraph at lines 1--2
\JY2/mc/m/n/10 統
 []


Overfull \hbox (9.6222pt too wide) in paragraph at lines 1--2
\JY2/mc/m/n/10 図
 []


Overfull \hbox (5.00002pt too wide) in paragraph at lines 1--2
\OT1/cmr/m/n/10 /
 []


Overfull \hbox (9.6222pt too wide) in paragraph at lines 1--2
\JY2/mc/m/n/10 電
 []


Overfull \hbox (9.6222pt too wide) in paragraph at lines 1--2
\JY2/mc/m/n/10 池
 []


Overfull \hbox (28.75008pt too wide) in paragraph at lines 1--2
\OT1/cmr/m/n/10 /SAP)
 []


Overfull \hbox (13.93329pt too wide) in paragraph at lines 1--2
\JY2/mc/m/n/10 （ 池
 []


Overfull \hbox (14.43329pt too wide) in paragraph at lines 1--2
\JY2/mc/m/n/10 谷 ・
 []


Overfull \hbox (9.6222pt too wide) in paragraph at lines 1--2
\JY2/mc/m/n/10 中
 []


Overfull \hbox (13.93329pt too wide) in paragraph at lines 1--2
\JY2/mc/m/n/10 塚 ）
 []


Overfull \hbox (9.6222pt too wide) in paragraph at lines 1--2
\JY2/mc/m/n/10 通
 []


Overfull \hbox (9.6222pt too wide) in paragraph at lines 1--2
\JY2/mc/m/n/10 信
 []


Overfull \hbox (9.6222pt too wide) in paragraph at lines 1--2
\JY2/mc/m/n/10 系
 []


Overfull \hbox (13.5111pt too wide) in paragraph at lines 1--2
\OT1/cmr/m/n/10 (\JY2/mc/m/n/10 衛
 []


Overfull \hbox (13.5111pt too wide) in paragraph at lines 1--2
\JY2/mc/m/n/10 星\OT1/cmr/m/n/10 )
 []


Overfull \hbox (9.6222pt too wide) in paragraph at lines 1--2
\JY2/mc/m/n/10 　
 []


Overfull \hbox (13.93329pt too wide) in paragraph at lines 1--2
\JY2/mc/m/n/10 （ 大
 []


Overfull \hbox (13.93329pt too wide) in paragraph at lines 1--2
\JY2/mc/m/n/10 本 ）
 []


Overfull \hbox (9.6222pt too wide) in paragraph at lines 1--2
\JY2/mc/m/n/10 地
 []


Overfull \hbox (9.6222pt too wide) in paragraph at lines 1--2
\JY2/mc/m/n/10 上
 []


Overfull \hbox (9.6222pt too wide) in paragraph at lines 1--2
\JY2/mc/m/n/10 局
 []


Overfull \hbox (13.93329pt too wide) in paragraph at lines 1--2
\JY2/mc/m/n/10 （ 加
 []


Overfull \hbox (14.43329pt too wide) in paragraph at lines 1--2
\JY2/mc/m/n/10 藤 ・
 []


Overfull \hbox (9.6222pt too wide) in paragraph at lines 1--2
\JY2/mc/m/n/10 飯
 []


Overfull \hbox (13.93329pt too wide) in paragraph at lines 1--2
\JY2/mc/m/n/10 島 ）
 []


Overfull \hbox (30.13895pt too wide) in paragraph at lines 1--2
\OT1/cmr/m/n/10 C&DH
 []


Overfull \hbox (9.6222pt too wide) in paragraph at lines 1--2
\JY2/mc/m/n/10 系
 []


Overfull \hbox (26.89449pt too wide) in paragraph at lines 1--2
\JY2/mc/m/n/10 （\OT1/cmr/m/n/10 OBC
 []


Overfull \hbox (9.6222pt too wide) in paragraph at lines 1--2
\JY2/mc/m/n/10 岩
 []


Overfull \hbox (14.43329pt too wide) in paragraph at lines 1--2
\JY2/mc/m/n/10 崎 ・
 []


Overfull \hbox (9.6222pt too wide) in paragraph at lines 1--2
\JY2/mc/m/n/10 小
 []


Overfull \hbox (14.43329pt too wide) in paragraph at lines 1--2
\JY2/mc/m/n/10 出 ・
 []


Overfull \hbox (14.43329pt too wide) in paragraph at lines 1--2
\JY2/mc/m/n/10 林 ・
 []


Overfull \hbox (9.6222pt too wide) in paragraph at lines 1--2
\JY2/mc/m/n/10 井
 []


Overfull \hbox (12.39998pt too wide) in paragraph at lines 1--2
\JY2/mc/m/n/10 手\OT1/cmr/m/n/10 ,
 []


Overfull \hbox (29.30562pt too wide) in paragraph at lines 1--2
\OT1/cmr/m/n/10 COBC
 []


Overfull \hbox (9.6222pt too wide) in paragraph at lines 1--2
\JY2/mc/m/n/10 　
 []


Overfull \hbox (9.6222pt too wide) in paragraph at lines 1--2
\JY2/mc/m/n/10 黒
 []


Overfull \hbox (14.43329pt too wide) in paragraph at lines 1--2
\JY2/mc/m/n/10 崎 ・
 []


Overfull \hbox (9.6222pt too wide) in paragraph at lines 1--2
\JY2/mc/m/n/10 中
 []


Overfull \hbox (14.43329pt too wide) in paragraph at lines 1--2
\JY2/mc/m/n/10 塚 ・
 []


Overfull \hbox (9.6222pt too wide) in paragraph at lines 1--2
\JY2/mc/m/n/10 大
 []


Overfull \hbox (12.39998pt too wide) in paragraph at lines 1--2
\JY2/mc/m/n/10 本\OT1/cmr/m/n/10 ,
 []


Overfull \hbox (15.69447pt too wide) in paragraph at lines 1--2
\OT1/cmr/m/n/10 Rpi
 []


Overfull \hbox (9.6222pt too wide) in paragraph at lines 1--2
\JY2/mc/m/n/10 　
 []


Overfull \hbox (9.6222pt too wide) in paragraph at lines 1--2
\JY2/mc/m/n/10 飯
 []


Overfull \hbox (13.93329pt too wide) in paragraph at lines 1--2
\JY2/mc/m/n/10 島 ） 
 []

! Undefined control sequence.
l.3 \subsection
               {CIB}
The control sequence at the end of the top line
of your error message was never \def'ed. If you have
misspelled it (e.g., `\hobx'), type `I' and the correct
spelling (e.g., `I\hbox'). Otherwise just continue,
and I'll forget about whatever was undefined.


! LaTeX Error: Missing \begin{document}.

See the LaTeX manual or LaTeX Companion for explanation.
Type  H <return>  for immediate help.
 ...                                              
                                                  
l.3 \subsection{C
                 IB}
You're in trouble here.  Try typing  <return>  to proceed.
If that doesn't work, type  X <return>  to quit.

! Undefined control sequence.
l.4 \subsubsection
                  {基本設計思想（中塚）}
The control sequence at the end of the top line
of your error message was never \def'ed. If you have
misspelled it (e.g., `\hobx'), type `I' and the correct
spelling (e.g., `I\hbox'). Otherwise just continue,
and I'll forget about whatever was undefined.


Overfull \hbox (37.9167pt too wide) in paragraph at lines 3--6
[]\OT1/cmr/m/n/10 CIB
 []


Overfull \hbox (9.6222pt too wide) in paragraph at lines 3--6
\JY2/mc/m/n/10 基
 []


Overfull \hbox (9.6222pt too wide) in paragraph at lines 3--6
\JY2/mc/m/n/10 本
 []


Overfull \hbox (9.6222pt too wide) in paragraph at lines 3--6
\JY2/mc/m/n/10 設
 []


Overfull \hbox (9.6222pt too wide) in paragraph at lines 3--6
\JY2/mc/m/n/10 計
 []


Overfull \hbox (9.6222pt too wide) in paragraph at lines 3--6
\JY2/mc/m/n/10 思
 []


Overfull \hbox (9.6222pt too wide) in paragraph at lines 3--6
\JY2/mc/m/n/10 想
 []


Overfull \hbox (13.93329pt too wide) in paragraph at lines 3--6
\JY2/mc/m/n/10 （ 中
 []


Overfull \hbox (13.93329pt too wide) in paragraph at lines 3--6
\JY2/mc/m/n/10 塚 ）
 []


Overfull \hbox (18.19446pt too wide) in paragraph at lines 3--6
\OT1/cmr/m/n/10 RX-
 []


Overfull \hbox (22.45001pt too wide) in paragraph at lines 3--6
\OT1/cmr/m/n/10 PIC\JY2/mc/m/n/10 ，
 []


Overfull \hbox (18.05557pt too wide) in paragraph at lines 3--6
\OT1/cmr/m/n/10 TX-
 []


Overfull \hbox (17.63892pt too wide) in paragraph at lines 3--6
\OT1/cmr/m/n/10 PIC
 []


Overfull \hbox (9.6222pt too wide) in paragraph at lines 3--6
\JY2/mc/m/n/10 は
 []


Overfull \hbox (9.6222pt too wide) in paragraph at lines 3--6
\JY2/mc/m/n/10 神
 []


Overfull \hbox (9.6222pt too wide) in paragraph at lines 3--6
\JY2/mc/m/n/10 だ
 []


Overfull \hbox (13.93329pt too wide) in paragraph at lines 3--6
\JY2/mc/m/n/10 よ ．
 []


Overfull \hbox (9.6222pt too wide) in paragraph at lines 3--6
\JY2/mc/m/n/10 外
 []


Overfull \hbox (9.6222pt too wide) in paragraph at lines 3--6
\JY2/mc/m/n/10 部
 []


Overfull \hbox (9.6222pt too wide) in paragraph at lines 3--6
\JY2/mc/m/n/10 か
 []


Overfull \hbox (9.6222pt too wide) in paragraph at lines 3--6
\JY2/mc/m/n/10 ら
 []


Overfull \hbox (9.6222pt too wide) in paragraph at lines 3--6
\JY2/mc/m/n/10 は
 []


Overfull \hbox (9.6222pt too wide) in paragraph at lines 3--6
\JY2/mc/m/n/10 リ
 []


Overfull \hbox (9.6222pt too wide) in paragraph at lines 3--6
\JY2/mc/m/n/10 セ
 []


Overfull \hbox (9.6222pt too wide) in paragraph at lines 3--6
\JY2/mc/m/n/10 ッ
 []


Overfull \hbox (9.6222pt too wide) in paragraph at lines 3--6
\JY2/mc/m/n/10 ト
 []


Overfull \hbox (9.6222pt too wide) in paragraph at lines 3--6
\JY2/mc/m/n/10 を
 []


Overfull \hbox (9.6222pt too wide) in paragraph at lines 3--6
\JY2/mc/m/n/10 基
 []


Overfull \hbox (9.6222pt too wide) in paragraph at lines 3--6
\JY2/mc/m/n/10 本
 []


Overfull \hbox (9.6222pt too wide) in paragraph at lines 3--6
\JY2/mc/m/n/10 し
 []


Overfull \hbox (9.6222pt too wide) in paragraph at lines 3--6
\JY2/mc/m/n/10 な
 []


Overfull \hbox (9.6222pt too wide) in paragraph at lines 3--6
\JY2/mc/m/n/10 い
 []


Overfull \hbox (13.93329pt too wide) in paragraph at lines 3--6
\JY2/mc/m/n/10 よ ．
 []


Overfull \hbox (9.6222pt too wide) in paragraph at lines 3--6
\JY2/mc/m/n/10 週
 []


Overfull \hbox (5.00002pt too wide) in paragraph at lines 3--6
\OT1/cmr/m/n/10 1
 []


Overfull \hbox (9.6222pt too wide) in paragraph at lines 3--6
\JY2/mc/m/n/10 回
 []


Overfull \hbox (9.6222pt too wide) in paragraph at lines 3--6
\JY2/mc/m/n/10 だ
 []


Overfull \hbox (9.6222pt too wide) in paragraph at lines 3--6
\JY2/mc/m/n/10 け
 []


Overfull \hbox (9.6222pt too wide) in paragraph at lines 3--6
\JY2/mc/m/n/10 の
 []


Overfull \hbox (9.6222pt too wide) in paragraph at lines 3--6
\JY2/mc/m/n/10 リ
 []


Overfull \hbox (9.6222pt too wide) in paragraph at lines 3--6
\JY2/mc/m/n/10 セ
 []


Overfull \hbox (9.6222pt too wide) in paragraph at lines 3--6
\JY2/mc/m/n/10 ッ
 []


Overfull \hbox (9.6222pt too wide) in paragraph at lines 3--6
\JY2/mc/m/n/10 ト
 []


Overfull \hbox (9.6222pt too wide) in paragraph at lines 3--6
\JY2/mc/m/n/10 だ
 []


Overfull \hbox (9.6222pt too wide) in paragraph at lines 3--6
\JY2/mc/m/n/10 け
 []


Overfull \hbox (9.6222pt too wide) in paragraph at lines 3--6
\JY2/mc/m/n/10 だ
 []


Overfull \hbox (13.93329pt too wide) in paragraph at lines 3--6
\JY2/mc/m/n/10 よ ．
 []


Overfull \hbox (9.6222pt too wide) in paragraph at lines 3--6
\JY2/mc/m/n/10 そ
 []


Overfull \hbox (9.6222pt too wide) in paragraph at lines 3--6
\JY2/mc/m/n/10 の
 []


Overfull \hbox (9.6222pt too wide) in paragraph at lines 3--6
\JY2/mc/m/n/10 他
 []


Overfull \hbox (9.6222pt too wide) in paragraph at lines 3--6
\JY2/mc/m/n/10 あ
 []


Overfull \hbox (9.6222pt too wide) in paragraph at lines 3--6
\JY2/mc/m/n/10 れ
 []


Overfull \hbox (13.93329pt too wide) in paragraph at lines 3--6
\JY2/mc/m/n/10 ば ． 
 []

LaTeX Font Info:    Font shape `JT2/mc/m/n' will be
(Font)              scaled to size 9.6222pt on input line 6.
LaTeX Font Info:    Font shape `JY2/mc/m/n' will be
(Font)              scaled to size 9.6222pt on input line 6.

! LaTeX Error: The font size command \normalsize is not defined:
               there is probably something wrong with the class file.

See the LaTeX manual or LaTeX Companion for explanation.
Type  H <return>  for immediate help.
 ...                                              
                                                  
l.6 
    
Your command was ignored.
Type  I <command> <return>  to replace it with another command,
or  <return>  to continue without it.

[1
! Undefined control sequence.
<write> \newlabel{chap:subsystem}{{}{\thepage 
                                              }}
l.6 
    
The control sequence at the end of the top line
of your error message was never \def'ed. If you have
misspelled it (e.g., `\hobx'), type `I' and the correct
spelling (e.g., `I\hbox'). Otherwise just continue,
and I'll forget about whatever was undefined.

\newlabel{chap:subsystem}{{}{}}
]
! Undefined control sequence.
l.7 \subsubsection
                  {プログラム概要（黒崎）}
The control sequence at the end of the top line
of your error message was never \def'ed. If you have
misspelled it (e.g., `\hobx'), type `I' and the correct
spelling (e.g., `I\hbox'). Otherwise just continue,
and I'll forget about whatever was undefined.


! LaTeX Error: Missing \begin{document}.

See the LaTeX manual or LaTeX Companion for explanation.
Type  H <return>  for immediate help.
 ...                                              
                                                  
l.7 \subsubsection{プ
                      ログラム概要（黒崎）}
You're in trouble here.  Try typing  <return>  to proceed.
If that doesn't work, type  X <return>  to quit.

LaTeX Font Info:    Font shape `JT2/mc/bx/n' in size <10> not available
(Font)              Font shape `JT2/gt/m/n' tried instead on input line 8.
LaTeX Font Info:    Font shape `JT2/gt/m/n' will be
(Font)              scaled to size 9.6222pt on input line 8.
LaTeX Font Info:    Font shape `JY2/mc/bx/n' in size <10> not available
(Font)              Font shape `JY2/gt/m/n' tried instead on input line 8.
LaTeX Font Info:    Font shape `JY2/gt/m/n' will be
(Font)              scaled to size 9.6222pt on input line 8.

Overfull \hbox (20.0pt too wide) in paragraph at lines 7--9
[]
 []


Overfull \hbox (9.6222pt too wide) in paragraph at lines 7--9
\JY2/mc/m/n/10 プ
 []


Overfull \hbox (9.6222pt too wide) in paragraph at lines 7--9
\JY2/mc/m/n/10 ロ
 []


Overfull \hbox (9.6222pt too wide) in paragraph at lines 7--9
\JY2/mc/m/n/10 グ
 []


Overfull \hbox (9.6222pt too wide) in paragraph at lines 7--9
\JY2/mc/m/n/10 ラ
 []


Overfull \hbox (9.6222pt too wide) in paragraph at lines 7--9
\JY2/mc/m/n/10 ム
 []


Overfull \hbox (9.6222pt too wide) in paragraph at lines 7--9
\JY2/mc/m/n/10 概
 []


Overfull \hbox (9.6222pt too wide) in paragraph at lines 7--9
\JY2/mc/m/n/10 要
 []


Overfull \hbox (13.93329pt too wide) in paragraph at lines 7--9
\JY2/mc/m/n/10 （ 黒
 []


Overfull \hbox (13.93329pt too wide) in paragraph at lines 7--9
\JY2/mc/m/n/10 崎 ）
 []


Overfull \hbox (20.8471pt too wide) in paragraph at lines 7--9
\OT1/cmr/bx/n/10 CIB
 []


Overfull \hbox (9.6222pt too wide) in paragraph at lines 7--9
\JY2/gt/m/n/10 全
 []


Overfull \hbox (9.6222pt too wide) in paragraph at lines 7--9
\JY2/gt/m/n/10 体 
 []


Overfull \hbox (9.6222pt too wide) in paragraph at lines 10--11
\JY2/mc/m/n/10 初
 []


Overfull \hbox (9.6222pt too wide) in paragraph at lines 10--11
\JY2/mc/m/n/10 期
 []


Overfull \hbox (9.6222pt too wide) in paragraph at lines 10--11
\JY2/mc/m/n/10 運
 []


Overfull \hbox (9.6222pt too wide) in paragraph at lines 10--11
\JY2/mc/m/n/10 用
 []


Overfull \hbox (9.6222pt too wide) in paragraph at lines 10--11
\JY2/mc/m/n/10 や
 []


Overfull \hbox (9.6222pt too wide) in paragraph at lines 10--11
\JY2/mc/m/n/10 っ
 []


Overfull \hbox (9.6222pt too wide) in paragraph at lines 10--11
\JY2/mc/m/n/10 て
 []


Overfull \hbox (9.6222pt too wide) in paragraph at lines 10--11
\JY2/mc/m/n/10 る
 []


Overfull \hbox (13.93329pt too wide) in paragraph at lines 10--11
\JY2/mc/m/n/10 よ ．
 []


Overfull \hbox (9.6222pt too wide) in paragraph at lines 10--11
\JY2/mc/m/n/10 詳
 []


Overfull \hbox (9.6222pt too wide) in paragraph at lines 10--11
\JY2/mc/m/n/10 細
 []


Overfull \hbox (9.6222pt too wide) in paragraph at lines 10--11
\JY2/mc/m/n/10 は
 []


Overfull \hbox (9.6222pt too wide) in paragraph at lines 10--11
\JY2/mc/m/n/10 後
 []


Overfull \hbox (13.93329pt too wide) in paragraph at lines 10--11
\JY2/mc/m/n/10 述 ．
 []


Overfull \hbox (9.6222pt too wide) in paragraph at lines 10--11
\JY2/mc/m/n/10 初
 []


Overfull \hbox (9.6222pt too wide) in paragraph at lines 10--11
\JY2/mc/m/n/10 期
 []


Overfull \hbox (9.6222pt too wide) in paragraph at lines 10--11
\JY2/mc/m/n/10 運
 []


Overfull \hbox (9.6222pt too wide) in paragraph at lines 10--11
\JY2/mc/m/n/10 用
 []


Overfull \hbox (9.6222pt too wide) in paragraph at lines 10--11
\JY2/mc/m/n/10 専
 []


Overfull \hbox (9.6222pt too wide) in paragraph at lines 10--11
\JY2/mc/m/n/10 用
 []


Overfull \hbox (9.6222pt too wide) in paragraph at lines 10--11
\JY2/mc/m/n/10 の
 []


Overfull \hbox (9.6222pt too wide) in paragraph at lines 10--11
\JY2/mc/m/n/10 節
 []


Overfull \hbox (9.6222pt too wide) in paragraph at lines 10--11
\JY2/mc/m/n/10 を
 []


Overfull \hbox (9.6222pt too wide) in paragraph at lines 10--11
\JY2/mc/m/n/10 作
 []


Overfull \hbox (9.6222pt too wide) in paragraph at lines 10--11
\JY2/mc/m/n/10 成
 []


Overfull \hbox (9.6222pt too wide) in paragraph at lines 10--11
\JY2/mc/m/n/10 し
 []


Overfull \hbox (9.6222pt too wide) in paragraph at lines 10--11
\JY2/mc/m/n/10 て
 []


Overfull \hbox (9.6222pt too wide) in paragraph at lines 10--11
\JY2/mc/m/n/10 し
 []


Overfull \hbox (9.6222pt too wide) in paragraph at lines 10--11
\JY2/mc/m/n/10 ま
 []


Overfull \hbox (9.6222pt too wide) in paragraph at lines 10--11
\JY2/mc/m/n/10 っ
 []


Overfull \hbox (9.6222pt too wide) in paragraph at lines 10--11
\JY2/mc/m/n/10 て
 []


Overfull \hbox (9.6222pt too wide) in paragraph at lines 10--11
\JY2/mc/m/n/10 も
 []


Overfull \hbox (9.6222pt too wide) in paragraph at lines 10--11
\JY2/mc/m/n/10 い
 []


Overfull \hbox (9.6222pt too wide) in paragraph at lines 10--11
\JY2/mc/m/n/10 い
 []


Overfull \hbox (9.6222pt too wide) in paragraph at lines 10--11
\JY2/mc/m/n/10 の
 []


Overfull \hbox (9.6222pt too wide) in paragraph at lines 10--11
\JY2/mc/m/n/10 で
 []


Overfull \hbox (13.93329pt too wide) in paragraph at lines 10--11
\JY2/mc/m/n/10 は ． 
 []


Overfull \hbox (9.6222pt too wide) in paragraph at lines 11--12
\JY2/mc/m/n/10 初
 []


Overfull \hbox (9.6222pt too wide) in paragraph at lines 11--12
\JY2/mc/m/n/10 期
 []


Overfull \hbox (9.6222pt too wide) in paragraph at lines 11--12
\JY2/mc/m/n/10 運
 []


Overfull \hbox (9.6222pt too wide) in paragraph at lines 11--12
\JY2/mc/m/n/10 用
 []


Overfull \hbox (18.74438pt too wide) in paragraph at lines 11--12
\JY2/mc/m/n/10 モ ー
 []


Overfull \hbox (9.6222pt too wide) in paragraph at lines 11--12
\JY2/mc/m/n/10 ド
 []


Overfull \hbox (9.6222pt too wide) in paragraph at lines 11--12
\JY2/mc/m/n/10 と
 []


Overfull \hbox (9.6222pt too wide) in paragraph at lines 11--12
\JY2/mc/m/n/10 通
 []


Overfull \hbox (9.6222pt too wide) in paragraph at lines 11--12
\JY2/mc/m/n/10 常
 []


Overfull \hbox (9.6222pt too wide) in paragraph at lines 11--12
\JY2/mc/m/n/10 運
 []


Overfull \hbox (9.6222pt too wide) in paragraph at lines 11--12
\JY2/mc/m/n/10 用
 []


Overfull \hbox (18.74438pt too wide) in paragraph at lines 11--12
\JY2/mc/m/n/10 モ ー
 []


Overfull \hbox (9.6222pt too wide) in paragraph at lines 11--12
\JY2/mc/m/n/10 ド
 []


Overfull \hbox (9.6222pt too wide) in paragraph at lines 11--12
\JY2/mc/m/n/10 違
 []


Overfull \hbox (9.6222pt too wide) in paragraph at lines 11--12
\JY2/mc/m/n/10 い 
 []


Overfull \hbox (57.84702pt too wide) in paragraph at lines 14--15
[]\OT1/cmr/bx/n/10 RXPIC
 []


Overfull \hbox (9.6222pt too wide) in paragraph at lines 14--15
\JY2/gt/m/n/10 役
 []


Overfull \hbox (9.6222pt too wide) in paragraph at lines 14--15
\JY2/gt/m/n/10 割 
 []


Overfull \hbox (18.74438pt too wide) in paragraph at lines 16--17
\JY2/mc/m/n/10 モ ー
 []


Overfull \hbox (9.6222pt too wide) in paragraph at lines 16--17
\JY2/mc/m/n/10 ド
 []


Overfull \hbox (9.6222pt too wide) in paragraph at lines 16--17
\JY2/mc/m/n/10 切
 []


Overfull \hbox (9.6222pt too wide) in paragraph at lines 16--17
\JY2/mc/m/n/10 替
 []


Overfull \hbox (9.6222pt too wide) in paragraph at lines 16--17
\JY2/mc/m/n/10 判
 []


Overfull \hbox (13.93329pt too wide) in paragraph at lines 16--17
\JY2/mc/m/n/10 断 ．
 []


Overfull \hbox (9.6222pt too wide) in paragraph at lines 16--17
\JY2/mc/m/n/10 詳
 []


Overfull \hbox (9.6222pt too wide) in paragraph at lines 16--17
\JY2/mc/m/n/10 細
 []


Overfull \hbox (9.6222pt too wide) in paragraph at lines 16--17
\JY2/mc/m/n/10 は
 []


Overfull \hbox (9.6222pt too wide) in paragraph at lines 16--17
\JY2/mc/m/n/10 後
 []


Overfull \hbox (13.93329pt too wide) in paragraph at lines 16--17
\JY2/mc/m/n/10 述 ．
 []


Overfull \hbox (18.74438pt too wide) in paragraph at lines 16--17
\JY2/mc/m/n/10 モ ー
 []


Overfull \hbox (9.6222pt too wide) in paragraph at lines 16--17
\JY2/mc/m/n/10 ド
 []


Overfull \hbox (9.6222pt too wide) in paragraph at lines 16--17
\JY2/mc/m/n/10 切
 []


Overfull \hbox (9.6222pt too wide) in paragraph at lines 16--17
\JY2/mc/m/n/10 替
 []


Overfull \hbox (9.6222pt too wide) in paragraph at lines 16--17
\JY2/mc/m/n/10 専
 []


Overfull \hbox (9.6222pt too wide) in paragraph at lines 16--17
\JY2/mc/m/n/10 用
 []


Overfull \hbox (9.6222pt too wide) in paragraph at lines 16--17
\JY2/mc/m/n/10 の
 []


Overfull \hbox (9.6222pt too wide) in paragraph at lines 16--17
\JY2/mc/m/n/10 節
 []


Overfull \hbox (9.6222pt too wide) in paragraph at lines 16--17
\JY2/mc/m/n/10 を
 []


Overfull \hbox (9.6222pt too wide) in paragraph at lines 16--17
\JY2/mc/m/n/10 作
 []


Overfull \hbox (9.6222pt too wide) in paragraph at lines 16--17
\JY2/mc/m/n/10 成
 []


Overfull \hbox (9.6222pt too wide) in paragraph at lines 16--17
\JY2/mc/m/n/10 し
 []


Overfull \hbox (9.6222pt too wide) in paragraph at lines 16--17
\JY2/mc/m/n/10 て
 []


Overfull \hbox (9.6222pt too wide) in paragraph at lines 16--17
\JY2/mc/m/n/10 し
 []


Overfull \hbox (9.6222pt too wide) in paragraph at lines 16--17
\JY2/mc/m/n/10 ま
 []


Overfull \hbox (9.6222pt too wide) in paragraph at lines 16--17
\JY2/mc/m/n/10 っ
 []


Overfull \hbox (9.6222pt too wide) in paragraph at lines 16--17
\JY2/mc/m/n/10 て
 []


Overfull \hbox (9.6222pt too wide) in paragraph at lines 16--17
\JY2/mc/m/n/10 も
 []


Overfull \hbox (9.6222pt too wide) in paragraph at lines 16--17
\JY2/mc/m/n/10 い
 []


Overfull \hbox (9.6222pt too wide) in paragraph at lines 16--17
\JY2/mc/m/n/10 い
 []


Overfull \hbox (9.6222pt too wide) in paragraph at lines 16--17
\JY2/mc/m/n/10 の
 []


Overfull \hbox (9.6222pt too wide) in paragraph at lines 16--17
\JY2/mc/m/n/10 で
 []


Overfull \hbox (13.93329pt too wide) in paragraph at lines 16--17
\JY2/mc/m/n/10 は ． 
 []


Overfull \hbox (9.6222pt too wide) in paragraph at lines 17--18
\JY2/mc/m/n/10 ア
 []


Overfull \hbox (9.6222pt too wide) in paragraph at lines 17--18
\JY2/mc/m/n/10 ッ
 []


Overfull \hbox (9.6222pt too wide) in paragraph at lines 17--18
\JY2/mc/m/n/10 プ
 []


Overfull \hbox (9.6222pt too wide) in paragraph at lines 17--18
\JY2/mc/m/n/10 リ
 []


Overfull \hbox (9.6222pt too wide) in paragraph at lines 17--18
\JY2/mc/m/n/10 ン
 []


Overfull \hbox (9.6222pt too wide) in paragraph at lines 17--18
\JY2/mc/m/n/10 ク
 []


Overfull \hbox (9.6222pt too wide) in paragraph at lines 17--18
\JY2/mc/m/n/10 待
 []


Overfull \hbox (9.6222pt too wide) in paragraph at lines 17--18
\JY2/mc/m/n/10 機 
 []


Overfull \hbox (57.22202pt too wide) in paragraph at lines 20--21
[]\OT1/cmr/bx/n/10 TXPIC
 []


Overfull \hbox (9.6222pt too wide) in paragraph at lines 20--21
\JY2/gt/m/n/10 役
 []


Overfull \hbox (9.6222pt too wide) in paragraph at lines 20--21
\JY2/gt/m/n/10 割 
 []


Overfull \hbox (17.50003pt too wide) in paragraph at lines 22--24
\OT1/cmr/m/n/10 CW
 []


Overfull \hbox (15.27782pt too wide) in paragraph at lines 22--24
\OT1/cmr/m/n/10 HK
 []


Overfull \hbox (18.74438pt too wide) in paragraph at lines 22--24
\JY2/mc/m/n/10 デ ー
 []


Overfull \hbox (9.6222pt too wide) in paragraph at lines 22--24
\JY2/mc/m/n/10 タ
 []


Overfull \hbox (9.6222pt too wide) in paragraph at lines 22--24
\JY2/mc/m/n/10 垂
 []


Overfull \hbox (9.6222pt too wide) in paragraph at lines 22--24
\JY2/mc/m/n/10 れ
 []


Overfull \hbox (9.6222pt too wide) in paragraph at lines 22--24
\JY2/mc/m/n/10 流
 []


Overfull \hbox (9.6222pt too wide) in paragraph at lines 22--24
\JY2/mc/m/n/10 し
 []


Overfull \hbox (20.08891pt too wide) in paragraph at lines 22--24
\JY2/mc/m/n/10 （\OT1/cmr/m/n/10 HK
 []


Overfull \hbox (18.74438pt too wide) in paragraph at lines 22--24
\JY2/mc/m/n/10 デ ー
 []


Overfull \hbox (9.6222pt too wide) in paragraph at lines 22--24
\JY2/mc/m/n/10 タ
 []


Overfull \hbox (9.6222pt too wide) in paragraph at lines 22--24
\JY2/mc/m/n/10 ダ
 []


Overfull \hbox (9.6222pt too wide) in paragraph at lines 22--24
\JY2/mc/m/n/10 ウ
 []


Overfull \hbox (9.6222pt too wide) in paragraph at lines 22--24
\JY2/mc/m/n/10 ン
 []


Overfull \hbox (9.6222pt too wide) in paragraph at lines 22--24
\JY2/mc/m/n/10 リ
 []


Overfull \hbox (9.6222pt too wide) in paragraph at lines 22--24
\JY2/mc/m/n/10 ン
 []


Overfull \hbox (9.6222pt too wide) in paragraph at lines 22--24
\JY2/mc/m/n/10 ク
 []


Overfull \hbox (9.6222pt too wide) in paragraph at lines 22--24
\JY2/mc/m/n/10 の
 []


Overfull \hbox (9.6222pt too wide) in paragraph at lines 22--24
\JY2/mc/m/n/10 中
 []


Overfull \hbox (9.6222pt too wide) in paragraph at lines 22--24
\JY2/mc/m/n/10 身
 []


Overfull \hbox (9.6222pt too wide) in paragraph at lines 22--24
\JY2/mc/m/n/10 専
 []


Overfull \hbox (9.6222pt too wide) in paragraph at lines 22--24
\JY2/mc/m/n/10 用
 []


Overfull \hbox (49.8112pt too wide) in paragraph at lines 22--24
\JY2/mc/m/n/10 （\OT1/cmr/m/n/10 CIB/OBC
 []


Overfull \hbox (9.6222pt too wide) in paragraph at lines 22--24
\JY2/mc/m/n/10 共
 []


Overfull \hbox (13.93329pt too wide) in paragraph at lines 22--24
\JY2/mc/m/n/10 通 ）
 []


Overfull \hbox (9.6222pt too wide) in paragraph at lines 22--24
\JY2/mc/m/n/10 の
 []


Overfull \hbox (9.6222pt too wide) in paragraph at lines 22--24
\JY2/mc/m/n/10 節
 []


Overfull \hbox (9.6222pt too wide) in paragraph at lines 22--24
\JY2/mc/m/n/10 を
 []


Overfull \hbox (9.6222pt too wide) in paragraph at lines 22--24
\JY2/mc/m/n/10 作
 []


Overfull \hbox (9.6222pt too wide) in paragraph at lines 22--24
\JY2/mc/m/n/10 成
 []


Overfull \hbox (9.6222pt too wide) in paragraph at lines 22--24
\JY2/mc/m/n/10 し
 []


Overfull \hbox (9.6222pt too wide) in paragraph at lines 22--24
\JY2/mc/m/n/10 て
 []


Overfull \hbox (9.6222pt too wide) in paragraph at lines 22--24
\JY2/mc/m/n/10 し
 []


Overfull \hbox (9.6222pt too wide) in paragraph at lines 22--24
\JY2/mc/m/n/10 ま
 []


Overfull \hbox (9.6222pt too wide) in paragraph at lines 22--24
\JY2/mc/m/n/10 っ
 []


Overfull \hbox (9.6222pt too wide) in paragraph at lines 22--24
\JY2/mc/m/n/10 て
 []


Overfull \hbox (9.6222pt too wide) in paragraph at lines 22--24
\JY2/mc/m/n/10 も
 []


Overfull \hbox (9.6222pt too wide) in paragraph at lines 22--24
\JY2/mc/m/n/10 い
 []


Overfull \hbox (9.6222pt too wide) in paragraph at lines 22--24
\JY2/mc/m/n/10 い
 []


Overfull \hbox (9.6222pt too wide) in paragraph at lines 22--24
\JY2/mc/m/n/10 の
 []


Overfull \hbox (9.6222pt too wide) in paragraph at lines 22--24
\JY2/mc/m/n/10 で
 []


Overfull \hbox (18.24438pt too wide) in paragraph at lines 22--24
\JY2/mc/m/n/10 は ． ） 
 []


Overfull \hbox (9.6222pt too wide) in paragraph at lines 24--26
\JY2/mc/m/n/10 指
 []


Overfull \hbox (9.6222pt too wide) in paragraph at lines 24--26
\JY2/mc/m/n/10 示
 []


Overfull \hbox (9.6222pt too wide) in paragraph at lines 24--26
\JY2/mc/m/n/10 が
 []


Overfull \hbox (9.6222pt too wide) in paragraph at lines 24--26
\JY2/mc/m/n/10 あ
 []


Overfull \hbox (9.6222pt too wide) in paragraph at lines 24--26
\JY2/mc/m/n/10 れ
 []


Overfull \hbox (9.6222pt too wide) in paragraph at lines 24--26
\JY2/mc/m/n/10 ば
 []


Overfull \hbox (15.69449pt too wide) in paragraph at lines 24--26
\OT1/cmr/m/n/10 FM
 []


Overfull \hbox (15.27782pt too wide) in paragraph at lines 24--26
\OT1/cmr/m/n/10 HK
 []


Overfull \hbox (18.74438pt too wide) in paragraph at lines 24--26
\JY2/mc/m/n/10 デ ー
 []


Overfull \hbox (9.6222pt too wide) in paragraph at lines 24--26
\JY2/mc/m/n/10 タ
 []


Overfull \hbox (9.6222pt too wide) in paragraph at lines 24--26
\JY2/mc/m/n/10 ダ
 []


Overfull \hbox (9.6222pt too wide) in paragraph at lines 24--26
\JY2/mc/m/n/10 ウ
 []


Overfull \hbox (9.6222pt too wide) in paragraph at lines 24--26
\JY2/mc/m/n/10 ン
 []


Overfull \hbox (9.6222pt too wide) in paragraph at lines 24--26
\JY2/mc/m/n/10 リ
 []


Overfull \hbox (9.6222pt too wide) in paragraph at lines 24--26
\JY2/mc/m/n/10 ン
 []


Overfull \hbox (9.6222pt too wide) in paragraph at lines 24--26
\JY2/mc/m/n/10 ク
 []


Overfull \hbox (20.08891pt too wide) in paragraph at lines 24--26
\JY2/mc/m/n/10 （\OT1/cmr/m/n/10 HK
 []


Overfull \hbox (18.74438pt too wide) in paragraph at lines 24--26
\JY2/mc/m/n/10 デ ー
 []


Overfull \hbox (9.6222pt too wide) in paragraph at lines 24--26
\JY2/mc/m/n/10 タ
 []


Overfull \hbox (9.6222pt too wide) in paragraph at lines 24--26
\JY2/mc/m/n/10 ダ
 []


Overfull \hbox (9.6222pt too wide) in paragraph at lines 24--26
\JY2/mc/m/n/10 ウ
 []


Overfull \hbox (9.6222pt too wide) in paragraph at lines 24--26
\JY2/mc/m/n/10 ン
 []


Overfull \hbox (9.6222pt too wide) in paragraph at lines 24--26
\JY2/mc/m/n/10 リ
 []


Overfull \hbox (9.6222pt too wide) in paragraph at lines 24--26
\JY2/mc/m/n/10 ン
 []


Overfull \hbox (9.6222pt too wide) in paragraph at lines 24--26
\JY2/mc/m/n/10 ク
 []


Overfull \hbox (9.6222pt too wide) in paragraph at lines 24--26
\JY2/mc/m/n/10 の
 []


Overfull \hbox (9.6222pt too wide) in paragraph at lines 24--26
\JY2/mc/m/n/10 中
 []


Overfull \hbox (9.6222pt too wide) in paragraph at lines 24--26
\JY2/mc/m/n/10 身
 []


Overfull \hbox (9.6222pt too wide) in paragraph at lines 24--26
\JY2/mc/m/n/10 専
 []


Overfull \hbox (9.6222pt too wide) in paragraph at lines 24--26
\JY2/mc/m/n/10 用
 []


Overfull \hbox (49.8112pt too wide) in paragraph at lines 24--26
\JY2/mc/m/n/10 （\OT1/cmr/m/n/10 CIB/OBC
 []


Overfull \hbox (9.6222pt too wide) in paragraph at lines 24--26
\JY2/mc/m/n/10 共
 []


Overfull \hbox (13.93329pt too wide) in paragraph at lines 24--26
\JY2/mc/m/n/10 通 ）
 []


Overfull \hbox (9.6222pt too wide) in paragraph at lines 24--26
\JY2/mc/m/n/10 の
 []


Overfull \hbox (9.6222pt too wide) in paragraph at lines 24--26
\JY2/mc/m/n/10 節
 []


Overfull \hbox (9.6222pt too wide) in paragraph at lines 24--26
\JY2/mc/m/n/10 を
 []


Overfull \hbox (9.6222pt too wide) in paragraph at lines 24--26
\JY2/mc/m/n/10 作
 []


Overfull \hbox (9.6222pt too wide) in paragraph at lines 24--26
\JY2/mc/m/n/10 成
 []


Overfull \hbox (9.6222pt too wide) in paragraph at lines 24--26
\JY2/mc/m/n/10 し
 []


Overfull \hbox (9.6222pt too wide) in paragraph at lines 24--26
\JY2/mc/m/n/10 て
 []


Overfull \hbox (9.6222pt too wide) in paragraph at lines 24--26
\JY2/mc/m/n/10 し
 []


Overfull \hbox (9.6222pt too wide) in paragraph at lines 24--26
\JY2/mc/m/n/10 ま
 []


Overfull \hbox (9.6222pt too wide) in paragraph at lines 24--26
\JY2/mc/m/n/10 っ
 []


Overfull \hbox (9.6222pt too wide) in paragraph at lines 24--26
\JY2/mc/m/n/10 て
 []


Overfull \hbox (9.6222pt too wide) in paragraph at lines 24--26
\JY2/mc/m/n/10 も
 []


Overfull \hbox (9.6222pt too wide) in paragraph at lines 24--26
\JY2/mc/m/n/10 い
 []


Overfull \hbox (9.6222pt too wide) in paragraph at lines 24--26
\JY2/mc/m/n/10 い
 []


Overfull \hbox (9.6222pt too wide) in paragraph at lines 24--26
\JY2/mc/m/n/10 の
 []


Overfull \hbox (9.6222pt too wide) in paragraph at lines 24--26
\JY2/mc/m/n/10 で
 []


Overfull \hbox (18.24438pt too wide) in paragraph at lines 24--26
\JY2/mc/m/n/10 は ． ） 
 []


Overfull \hbox (33.19452pt too wide) in paragraph at lines 26--27
\OT1/cmr/m/n/10 CWFM
 []


Overfull \hbox (18.74438pt too wide) in paragraph at lines 26--27
\JY2/mc/m/n/10 デ ー
 []


Overfull \hbox (9.6222pt too wide) in paragraph at lines 26--27
\JY2/mc/m/n/10 タ
 []


Overfull \hbox (9.6222pt too wide) in paragraph at lines 26--27
\JY2/mc/m/n/10 ダ
 []


Overfull \hbox (9.6222pt too wide) in paragraph at lines 26--27
\JY2/mc/m/n/10 ウ
 []


Overfull \hbox (9.6222pt too wide) in paragraph at lines 26--27
\JY2/mc/m/n/10 ン
 []


Overfull \hbox (9.6222pt too wide) in paragraph at lines 26--27
\JY2/mc/m/n/10 リ
 []


Overfull \hbox (9.6222pt too wide) in paragraph at lines 26--27
\JY2/mc/m/n/10 ン
 []


Overfull \hbox (9.6222pt too wide) in paragraph at lines 26--27
\JY2/mc/m/n/10 ク 
 []

! Undefined control sequence.
l.29 \subsubsection
                   {RXPIC詳細（3月中に間に合えば黒崎．無理...
The control sequence at the end of the top line
of your error message was never \def'ed. If you have
misspelled it (e.g., `\hobx'), type `I' and the correct
spelling (e.g., `I\hbox'). Otherwise just continue,
and I'll forget about whatever was undefined.


Overfull \hbox (52.50005pt too wide) in paragraph at lines 29--31
[]\OT1/cmr/m/n/10 RXPIC
 []


Overfull \hbox (9.6222pt too wide) in paragraph at lines 29--31
\JY2/mc/m/n/10 詳
 []


Overfull \hbox (9.6222pt too wide) in paragraph at lines 29--31
\JY2/mc/m/n/10 細
 []


Overfull \hbox (9.81111pt too wide) in paragraph at lines 29--31
\JY2/mc/m/n/10 （\OT1/cmr/m/n/10 3
 []


Overfull \hbox (9.6222pt too wide) in paragraph at lines 29--31
\JY2/mc/m/n/10 月
 []


Overfull \hbox (9.6222pt too wide) in paragraph at lines 29--31
\JY2/mc/m/n/10 中
 []


Overfull \hbox (9.6222pt too wide) in paragraph at lines 29--31
\JY2/mc/m/n/10 に
 []


Overfull \hbox (9.6222pt too wide) in paragraph at lines 29--31
\JY2/mc/m/n/10 間
 []


Overfull \hbox (9.6222pt too wide) in paragraph at lines 29--31
\JY2/mc/m/n/10 に
 []


Overfull \hbox (9.6222pt too wide) in paragraph at lines 29--31
\JY2/mc/m/n/10 合
 []


Overfull \hbox (9.6222pt too wide) in paragraph at lines 29--31
\JY2/mc/m/n/10 え
 []


Overfull \hbox (9.6222pt too wide) in paragraph at lines 29--31
\JY2/mc/m/n/10 ば
 []


Overfull \hbox (9.6222pt too wide) in paragraph at lines 29--31
\JY2/mc/m/n/10 黒
 []


Overfull \hbox (13.93329pt too wide) in paragraph at lines 29--31
\JY2/mc/m/n/10 崎 ．
 []


Overfull \hbox (9.6222pt too wide) in paragraph at lines 29--31
\JY2/mc/m/n/10 無
 []


Overfull \hbox (9.6222pt too wide) in paragraph at lines 29--31
\JY2/mc/m/n/10 理
 []


Overfull \hbox (9.6222pt too wide) in paragraph at lines 29--31
\JY2/mc/m/n/10 な
 []


Overfull \hbox (9.6222pt too wide) in paragraph at lines 29--31
\JY2/mc/m/n/10 ら
 []


Overfull \hbox (9.6222pt too wide) in paragraph at lines 29--31
\JY2/mc/m/n/10 中
 []


Overfull \hbox (13.93329pt too wide) in paragraph at lines 29--31
\JY2/mc/m/n/10 塚 ）
 []


Overfull \hbox (9.6222pt too wide) in paragraph at lines 29--31
\JY2/mc/m/n/10 ソ
 []


Overfull \hbox (9.6222pt too wide) in paragraph at lines 29--31
\JY2/mc/m/n/10 フ
 []


Overfull \hbox (9.6222pt too wide) in paragraph at lines 29--31
\JY2/mc/m/n/10 ト
 []


Overfull \hbox (9.6222pt too wide) in paragraph at lines 29--31
\JY2/mc/m/n/10 の
 []


Overfull \hbox (9.6222pt too wide) in paragraph at lines 29--31
\JY2/mc/m/n/10 中
 []


Overfull \hbox (9.6222pt too wide) in paragraph at lines 29--31
\JY2/mc/m/n/10 身
 []


Overfull \hbox (9.6222pt too wide) in paragraph at lines 29--31
\JY2/mc/m/n/10 や
 []


Overfull \hbox (27.55559pt too wide) in paragraph at lines 29--31
\OT1/cmr/m/n/10 switch
 []


Overfull \hbox (9.6222pt too wide) in paragraph at lines 29--31
\JY2/mc/m/n/10 文
 []


Overfull \hbox (9.6222pt too wide) in paragraph at lines 29--31
\JY2/mc/m/n/10 の
 []


Overfull \hbox (9.6222pt too wide) in paragraph at lines 29--31
\JY2/mc/m/n/10 中
 []


Overfull \hbox (9.6222pt too wide) in paragraph at lines 29--31
\JY2/mc/m/n/10 を
 []


Overfull \hbox (9.6222pt too wide) in paragraph at lines 29--31
\JY2/mc/m/n/10 そ
 []


Overfull \hbox (9.6222pt too wide) in paragraph at lines 29--31
\JY2/mc/m/n/10 れ
 []


Overfull \hbox (9.6222pt too wide) in paragraph at lines 29--31
\JY2/mc/m/n/10 ぞ
 []


Overfull \hbox (9.6222pt too wide) in paragraph at lines 29--31
\JY2/mc/m/n/10 れ
 []


Overfull \hbox (9.6222pt too wide) in paragraph at lines 29--31
\JY2/mc/m/n/10 詳
 []


Overfull \hbox (9.6222pt too wide) in paragraph at lines 29--31
\JY2/mc/m/n/10 し
 []


Overfull \hbox (9.6222pt too wide) in paragraph at lines 29--31
\JY2/mc/m/n/10 く 
 []

! Undefined control sequence.
l.32 \subsubsection
                   {TXPIC詳細（中塚）}
The control sequence at the end of the top line
of your error message was never \def'ed. If you have
misspelled it (e.g., `\hobx'), type `I' and the correct
spelling (e.g., `I\hbox'). Otherwise just continue,
and I'll forget about whatever was undefined.


Overfull \hbox (52.36116pt too wide) in paragraph at lines 32--34
[]\OT1/cmr/m/n/10 TXPIC
 []


Overfull \hbox (9.6222pt too wide) in paragraph at lines 32--34
\JY2/mc/m/n/10 詳
 []


Overfull \hbox (9.6222pt too wide) in paragraph at lines 32--34
\JY2/mc/m/n/10 細
 []


Overfull \hbox (13.93329pt too wide) in paragraph at lines 32--34
\JY2/mc/m/n/10 （ 中
 []


Overfull \hbox (13.93329pt too wide) in paragraph at lines 32--34
\JY2/mc/m/n/10 塚 ）
 []


Overfull \hbox (9.6222pt too wide) in paragraph at lines 32--34
\JY2/mc/m/n/10 ソ
 []


Overfull \hbox (9.6222pt too wide) in paragraph at lines 32--34
\JY2/mc/m/n/10 フ
 []


Overfull \hbox (9.6222pt too wide) in paragraph at lines 32--34
\JY2/mc/m/n/10 ト
 []


Overfull \hbox (9.6222pt too wide) in paragraph at lines 32--34
\JY2/mc/m/n/10 の
 []


Overfull \hbox (9.6222pt too wide) in paragraph at lines 32--34
\JY2/mc/m/n/10 中
 []


Overfull \hbox (9.6222pt too wide) in paragraph at lines 32--34
\JY2/mc/m/n/10 身
 []


Overfull \hbox (9.6222pt too wide) in paragraph at lines 32--34
\JY2/mc/m/n/10 や
 []


Overfull \hbox (27.55559pt too wide) in paragraph at lines 32--34
\OT1/cmr/m/n/10 switch
 []


Overfull \hbox (9.6222pt too wide) in paragraph at lines 32--34
\JY2/mc/m/n/10 文
 []


Overfull \hbox (9.6222pt too wide) in paragraph at lines 32--34
\JY2/mc/m/n/10 の
 []


Overfull \hbox (9.6222pt too wide) in paragraph at lines 32--34
\JY2/mc/m/n/10 中
 []


Overfull \hbox (9.6222pt too wide) in paragraph at lines 32--34
\JY2/mc/m/n/10 を
 []


Overfull \hbox (9.6222pt too wide) in paragraph at lines 32--34
\JY2/mc/m/n/10 そ
 []


Overfull \hbox (9.6222pt too wide) in paragraph at lines 32--34
\JY2/mc/m/n/10 れ
 []


Overfull \hbox (9.6222pt too wide) in paragraph at lines 32--34
\JY2/mc/m/n/10 ぞ
 []


Overfull \hbox (9.6222pt too wide) in paragraph at lines 32--34
\JY2/mc/m/n/10 れ
 []


Overfull \hbox (9.6222pt too wide) in paragraph at lines 32--34
\JY2/mc/m/n/10 詳
 []


Overfull \hbox (9.6222pt too wide) in paragraph at lines 32--34
\JY2/mc/m/n/10 し
 []


Overfull \hbox (9.6222pt too wide) in paragraph at lines 32--34
\JY2/mc/m/n/10 く 
 []

! Undefined control sequence.
l.35 \subsubsection
                   {デバックや機能確認に関して（中塚・黒...
The control sequence at the end of the top line
of your error message was never \def'ed. If you have
misspelled it (e.g., `\hobx'), type `I' and the correct
spelling (e.g., `I\hbox'). Otherwise just continue,
and I'll forget about whatever was undefined.


Overfull \hbox (20.0pt too wide) in paragraph at lines 35--36
[]
 []


Overfull \hbox (9.6222pt too wide) in paragraph at lines 35--36
\JY2/mc/m/n/10 デ
 []


Overfull \hbox (9.6222pt too wide) in paragraph at lines 35--36
\JY2/mc/m/n/10 バ
 []


Overfull \hbox (9.6222pt too wide) in paragraph at lines 35--36
\JY2/mc/m/n/10 ッ
 []


Overfull \hbox (9.6222pt too wide) in paragraph at lines 35--36
\JY2/mc/m/n/10 ク
 []


Overfull \hbox (9.6222pt too wide) in paragraph at lines 35--36
\JY2/mc/m/n/10 や
 []


Overfull \hbox (9.6222pt too wide) in paragraph at lines 35--36
\JY2/mc/m/n/10 機
 []


Overfull \hbox (9.6222pt too wide) in paragraph at lines 35--36
\JY2/mc/m/n/10 能
 []


Overfull \hbox (9.6222pt too wide) in paragraph at lines 35--36
\JY2/mc/m/n/10 確
 []


Overfull \hbox (9.6222pt too wide) in paragraph at lines 35--36
\JY2/mc/m/n/10 認
 []


Overfull \hbox (9.6222pt too wide) in paragraph at lines 35--36
\JY2/mc/m/n/10 に
 []


Overfull \hbox (9.6222pt too wide) in paragraph at lines 35--36
\JY2/mc/m/n/10 関
 []


Overfull \hbox (9.6222pt too wide) in paragraph at lines 35--36
\JY2/mc/m/n/10 し
 []


Overfull \hbox (9.6222pt too wide) in paragraph at lines 35--36
\JY2/mc/m/n/10 て
 []


Overfull \hbox (13.93329pt too wide) in paragraph at lines 35--36
\JY2/mc/m/n/10 （ 中
 []


Overfull \hbox (14.43329pt too wide) in paragraph at lines 35--36
\JY2/mc/m/n/10 塚 ・
 []


Overfull \hbox (9.6222pt too wide) in paragraph at lines 35--36
\JY2/mc/m/n/10 黒
 []


Overfull \hbox (13.93329pt too wide) in paragraph at lines 35--36
\JY2/mc/m/n/10 崎 ） 
 []


Overfull \hbox (9.6222pt too wide) in paragraph at lines 37--38
\JY2/mc/m/n/10 振
 []


Overfull \hbox (9.6222pt too wide) in paragraph at lines 37--38
\JY2/mc/m/n/10 動
 []


Overfull \hbox (9.6222pt too wide) in paragraph at lines 37--38
\JY2/mc/m/n/10 試
 []


Overfull \hbox (9.6222pt too wide) in paragraph at lines 37--38
\JY2/mc/m/n/10 験
 []


Overfull \hbox (9.6222pt too wide) in paragraph at lines 37--38
\JY2/mc/m/n/10 等
 []


Overfull \hbox (9.6222pt too wide) in paragraph at lines 37--38
\JY2/mc/m/n/10 の
 []


Overfull \hbox (9.6222pt too wide) in paragraph at lines 37--38
\JY2/mc/m/n/10 前
 []


Overfull \hbox (9.6222pt too wide) in paragraph at lines 37--38
\JY2/mc/m/n/10 後
 []


Overfull \hbox (9.6222pt too wide) in paragraph at lines 37--38
\JY2/mc/m/n/10 に
 []


Overfull \hbox (9.6222pt too wide) in paragraph at lines 37--38
\JY2/mc/m/n/10 は
 []


Overfull \hbox (9.6222pt too wide) in paragraph at lines 37--38
\JY2/mc/m/n/10 機
 []


Overfull \hbox (9.6222pt too wide) in paragraph at lines 37--38
\JY2/mc/m/n/10 能
 []


Overfull \hbox (9.6222pt too wide) in paragraph at lines 37--38
\JY2/mc/m/n/10 確
 []


Overfull \hbox (9.6222pt too wide) in paragraph at lines 37--38
\JY2/mc/m/n/10 認
 []


Overfull \hbox (9.6222pt too wide) in paragraph at lines 37--38
\JY2/mc/m/n/10 し
 []


Overfull \hbox (9.6222pt too wide) in paragraph at lines 37--38
\JY2/mc/m/n/10 よ
 []


Overfull \hbox (9.6222pt too wide) in paragraph at lines 37--38
\JY2/mc/m/n/10 う 
 []


Overfull \hbox (31.66675pt too wide) in paragraph at lines 38--39
\OT1/cmr/m/n/10 EMFM
 []


Overfull \hbox (9.6222pt too wide) in paragraph at lines 38--39
\JY2/mc/m/n/10 そ
 []


Overfull \hbox (9.6222pt too wide) in paragraph at lines 38--39
\JY2/mc/m/n/10 れ
 []


Overfull \hbox (9.6222pt too wide) in paragraph at lines 38--39
\JY2/mc/m/n/10 ぞ
 []


Overfull \hbox (9.6222pt too wide) in paragraph at lines 38--39
\JY2/mc/m/n/10 れ
 []


Overfull \hbox (9.6222pt too wide) in paragraph at lines 38--39
\JY2/mc/m/n/10 で
 []


Overfull \hbox (9.6222pt too wide) in paragraph at lines 38--39
\JY2/mc/m/n/10 ち
 []


Overfull \hbox (9.6222pt too wide) in paragraph at lines 38--39
\JY2/mc/m/n/10 ゃ
 []


Overfull \hbox (9.6222pt too wide) in paragraph at lines 38--39
\JY2/mc/m/n/10 ん
 []


Overfull \hbox (9.6222pt too wide) in paragraph at lines 38--39
\JY2/mc/m/n/10 ん
 []


Overfull \hbox (9.6222pt too wide) in paragraph at lines 38--39
\JY2/mc/m/n/10 と
 []


Overfull \hbox (9.6222pt too wide) in paragraph at lines 38--39
\JY2/mc/m/n/10 機
 []


Overfull \hbox (9.6222pt too wide) in paragraph at lines 38--39
\JY2/mc/m/n/10 能
 []


Overfull \hbox (9.6222pt too wide) in paragraph at lines 38--39
\JY2/mc/m/n/10 確
 []


Overfull \hbox (9.6222pt too wide) in paragraph at lines 38--39
\JY2/mc/m/n/10 認
 []


Overfull \hbox (9.6222pt too wide) in paragraph at lines 38--39
\JY2/mc/m/n/10 し
 []


Overfull \hbox (9.6222pt too wide) in paragraph at lines 38--39
\JY2/mc/m/n/10 よ
 []


Overfull \hbox (9.6222pt too wide) in paragraph at lines 38--39
\JY2/mc/m/n/10 う 
 []


Overfull \hbox (15.69449pt too wide) in paragraph at lines 39--40
\OT1/cmr/m/n/10 FM
 []


Overfull \hbox (9.6222pt too wide) in paragraph at lines 39--40
\JY2/mc/m/n/10 は
 []


Overfull \hbox (9.6222pt too wide) in paragraph at lines 39--40
\JY2/mc/m/n/10 組
 []


Overfull \hbox (9.6222pt too wide) in paragraph at lines 39--40
\JY2/mc/m/n/10 み
 []


Overfull \hbox (9.6222pt too wide) in paragraph at lines 39--40
\JY2/mc/m/n/10 立
 []


Overfull \hbox (9.6222pt too wide) in paragraph at lines 39--40
\JY2/mc/m/n/10 て
 []


Overfull \hbox (9.6222pt too wide) in paragraph at lines 39--40
\JY2/mc/m/n/10 す
 []


Overfull \hbox (9.6222pt too wide) in paragraph at lines 39--40
\JY2/mc/m/n/10 る
 []


Overfull \hbox (9.6222pt too wide) in paragraph at lines 39--40
\JY2/mc/m/n/10 度
 []


Overfull \hbox (9.6222pt too wide) in paragraph at lines 39--40
\JY2/mc/m/n/10 に
 []


Overfull \hbox (9.6222pt too wide) in paragraph at lines 39--40
\JY2/mc/m/n/10 機
 []


Overfull \hbox (9.6222pt too wide) in paragraph at lines 39--40
\JY2/mc/m/n/10 能
 []


Overfull \hbox (9.6222pt too wide) in paragraph at lines 39--40
\JY2/mc/m/n/10 確
 []


Overfull \hbox (9.6222pt too wide) in paragraph at lines 39--40
\JY2/mc/m/n/10 認
 []


Overfull \hbox (9.6222pt too wide) in paragraph at lines 39--40
\JY2/mc/m/n/10 し
 []


Overfull \hbox (9.6222pt too wide) in paragraph at lines 39--40
\JY2/mc/m/n/10 よ
 []


Overfull \hbox (9.6222pt too wide) in paragraph at lines 39--40
\JY2/mc/m/n/10 う 
 []


Overfull \hbox (9.6222pt too wide) in paragraph at lines 40--41
\JY2/mc/m/n/10 ど
 []


Overfull \hbox (9.6222pt too wide) in paragraph at lines 40--41
\JY2/mc/m/n/10 ん
 []


Overfull \hbox (9.6222pt too wide) in paragraph at lines 40--41
\JY2/mc/m/n/10 な
 []


Overfull \hbox (9.6222pt too wide) in paragraph at lines 40--41
\JY2/mc/m/n/10 機
 []


Overfull \hbox (9.6222pt too wide) in paragraph at lines 40--41
\JY2/mc/m/n/10 能
 []


Overfull \hbox (9.6222pt too wide) in paragraph at lines 40--41
\JY2/mc/m/n/10 確
 []


Overfull \hbox (9.6222pt too wide) in paragraph at lines 40--41
\JY2/mc/m/n/10 認
 []


Overfull \hbox (9.6222pt too wide) in paragraph at lines 40--41
\JY2/mc/m/n/10 を
 []


Overfull \hbox (9.6222pt too wide) in paragraph at lines 40--41
\JY2/mc/m/n/10 し
 []


Overfull \hbox (9.6222pt too wide) in paragraph at lines 40--41
\JY2/mc/m/n/10 て
 []


Overfull \hbox (9.6222pt too wide) in paragraph at lines 40--41
\JY2/mc/m/n/10 い
 []


Overfull \hbox (9.6222pt too wide) in paragraph at lines 40--41
\JY2/mc/m/n/10 た
 []


Overfull \hbox (9.6222pt too wide) in paragraph at lines 40--41
\JY2/mc/m/n/10 か 
 []


Overfull \hbox (9.6222pt too wide) in paragraph at lines 41--42
\JY2/mc/m/n/10 そ
 []


Overfull \hbox (9.6222pt too wide) in paragraph at lines 41--42
\JY2/mc/m/n/10 の
 []


Overfull \hbox (9.6222pt too wide) in paragraph at lines 41--42
\JY2/mc/m/n/10 他
 []


Overfull \hbox (9.6222pt too wide) in paragraph at lines 41--42
\JY2/mc/m/n/10 注
 []


Overfull \hbox (9.6222pt too wide) in paragraph at lines 41--42
\JY2/mc/m/n/10 意
 []


Overfull \hbox (9.6222pt too wide) in paragraph at lines 41--42
\JY2/mc/m/n/10 点
 []


Overfull \hbox (9.6222pt too wide) in paragraph at lines 41--42
\JY2/mc/m/n/10 等 
 []

! Undefined control sequence.
l.44 \subsubsection
                   {コメントや次回への改善点（中塚・黒崎）}
The control sequence at the end of the top line
of your error message was never \def'ed. If you have
misspelled it (e.g., `\hobx'), type `I' and the correct
spelling (e.g., `I\hbox'). Otherwise just continue,
and I'll forget about whatever was undefined.


Overfull \hbox (20.0pt too wide) in paragraph at lines 44--47
[]
 []


Overfull \hbox (9.6222pt too wide) in paragraph at lines 44--47
\JY2/mc/m/n/10 コ
 []


Overfull \hbox (9.6222pt too wide) in paragraph at lines 44--47
\JY2/mc/m/n/10 メ
 []


Overfull \hbox (9.6222pt too wide) in paragraph at lines 44--47
\JY2/mc/m/n/10 ン
 []


Overfull \hbox (9.6222pt too wide) in paragraph at lines 44--47
\JY2/mc/m/n/10 ト
 []


Overfull \hbox (9.6222pt too wide) in paragraph at lines 44--47
\JY2/mc/m/n/10 や
 []


Overfull \hbox (9.6222pt too wide) in paragraph at lines 44--47
\JY2/mc/m/n/10 次
 []


Overfull \hbox (9.6222pt too wide) in paragraph at lines 44--47
\JY2/mc/m/n/10 回
 []


Overfull \hbox (9.6222pt too wide) in paragraph at lines 44--47
\JY2/mc/m/n/10 へ
 []


Overfull \hbox (9.6222pt too wide) in paragraph at lines 44--47
\JY2/mc/m/n/10 の
 []


Overfull \hbox (9.6222pt too wide) in paragraph at lines 44--47
\JY2/mc/m/n/10 改
 []


Overfull \hbox (9.6222pt too wide) in paragraph at lines 44--47
\JY2/mc/m/n/10 善
 []


Overfull \hbox (9.6222pt too wide) in paragraph at lines 44--47
\JY2/mc/m/n/10 点
 []


Overfull \hbox (13.93329pt too wide) in paragraph at lines 44--47
\JY2/mc/m/n/10 （ 中
 []


Overfull \hbox (14.43329pt too wide) in paragraph at lines 44--47
\JY2/mc/m/n/10 塚 ・
 []


Overfull \hbox (9.6222pt too wide) in paragraph at lines 44--47
\JY2/mc/m/n/10 黒
 []


Overfull \hbox (13.93329pt too wide) in paragraph at lines 44--47
\JY2/mc/m/n/10 崎 ）
 []


Overfull \hbox (20.8471pt too wide) in paragraph at lines 44--47
\OT1/cmr/bx/n/10 CIB
 []


Overfull \hbox (9.6222pt too wide) in paragraph at lines 44--47
\JY2/gt/m/n/10 全
 []


Overfull \hbox (9.6222pt too wide) in paragraph at lines 44--47
\JY2/gt/m/n/10 体 
 []


Overfull \hbox (20.00006pt too wide) in paragraph at lines 48--49
\OT1/cmr/m/n/10 aaaa 
 []


Overfull \hbox (20.0pt too wide) in paragraph at lines 51--53
[]
 []


Overfull \hbox (21.15266pt too wide) in paragraph at lines 51--53
\OT1/cmr/bx/n/10 RX-
 []


Overfull \hbox (20.52766pt too wide) in paragraph at lines 51--53
\OT1/cmr/bx/n/10 PIC 
 []


Overfull \hbox (20.00006pt too wide) in paragraph at lines 54--55
\OT1/cmr/m/n/10 aaaa 
 []


Overfull \hbox (20.0pt too wide) in paragraph at lines 57--59
[]
 []


Overfull \hbox (20.52766pt too wide) in paragraph at lines 57--59
\OT1/cmr/bx/n/10 TX-
 []


Overfull \hbox (20.52766pt too wide) in paragraph at lines 57--59
\OT1/cmr/bx/n/10 PIC 
 []


Overfull \hbox (20.00006pt too wide) in paragraph at lines 60--61
\OT1/cmr/m/n/10 aaaa 
 []

)) (./03/03_5.tex
! Undefined control sequence.
l.1 \section
            {姿勢制御系（恒光・中西）}
The control sequence at the end of the top line
of your error message was never \def'ed. If you have
misspelled it (e.g., `\hobx'), type `I' and the correct
spelling (e.g., `I\hbox'). Otherwise just continue,
and I'll forget about whatever was undefined.


Overfull \hbox (9.6222pt too wide) in paragraph at lines 1--2
\JY2/mc/m/n/10 姿
 []


Overfull \hbox (9.6222pt too wide) in paragraph at lines 1--2
\JY2/mc/m/n/10 勢
 []


Overfull \hbox (9.6222pt too wide) in paragraph at lines 1--2
\JY2/mc/m/n/10 制
 []


Overfull \hbox (9.6222pt too wide) in paragraph at lines 1--2
\JY2/mc/m/n/10 御
 []


Overfull \hbox (9.6222pt too wide) in paragraph at lines 1--2
\JY2/mc/m/n/10 系
 []


Overfull \hbox (13.93329pt too wide) in paragraph at lines 1--2
\JY2/mc/m/n/10 （ 恒
 []


Overfull \hbox (14.43329pt too wide) in paragraph at lines 1--2
\JY2/mc/m/n/10 光 ・
 []


Overfull \hbox (9.6222pt too wide) in paragraph at lines 1--2
\JY2/mc/m/n/10 中
 []


Overfull \hbox (13.93329pt too wide) in paragraph at lines 1--2
\JY2/mc/m/n/10 西 ） 
 []

) (./03/03_6.tex
! Undefined control sequence.
l.1 \section
            {構体系（奥山・大野） 重量管理も含む}
The control sequence at the end of the top line
of your error message was never \def'ed. If you have
misspelled it (e.g., `\hobx'), type `I' and the correct
spelling (e.g., `I\hbox'). Otherwise just continue,
and I'll forget about whatever was undefined.


Overfull \hbox (20.0pt too wide) in paragraph at lines 1--2
[]
 []


Overfull \hbox (9.6222pt too wide) in paragraph at lines 1--2
\JY2/mc/m/n/10 構
 []


Overfull \hbox (9.6222pt too wide) in paragraph at lines 1--2
\JY2/mc/m/n/10 体
 []


Overfull \hbox (9.6222pt too wide) in paragraph at lines 1--2
\JY2/mc/m/n/10 系
 []


Overfull \hbox (13.93329pt too wide) in paragraph at lines 1--2
\JY2/mc/m/n/10 （ 奥
 []


Overfull \hbox (14.43329pt too wide) in paragraph at lines 1--2
\JY2/mc/m/n/10 山 ・
 []


Overfull \hbox (9.6222pt too wide) in paragraph at lines 1--2
\JY2/mc/m/n/10 大
 []


Overfull \hbox (13.93329pt too wide) in paragraph at lines 1--2
\JY2/mc/m/n/10 野 ）
 []


Overfull \hbox (9.6222pt too wide) in paragraph at lines 1--2
\JY2/mc/m/n/10 重
 []


Overfull \hbox (9.6222pt too wide) in paragraph at lines 1--2
\JY2/mc/m/n/10 量
 []


Overfull \hbox (9.6222pt too wide) in paragraph at lines 1--2
\JY2/mc/m/n/10 管
 []


Overfull \hbox (9.6222pt too wide) in paragraph at lines 1--2
\JY2/mc/m/n/10 理
 []


Overfull \hbox (9.6222pt too wide) in paragraph at lines 1--2
\JY2/mc/m/n/10 も
 []


Overfull \hbox (9.6222pt too wide) in paragraph at lines 1--2
\JY2/mc/m/n/10 含
 []


Overfull \hbox (9.6222pt too wide) in paragraph at lines 1--2
\JY2/mc/m/n/10 む 
 []

) (./03/03_7.tex
! Undefined control sequence.
l.1 \section
            {熱系（中村）}
The control sequence at the end of the top line
of your error message was never \def'ed. If you have
misspelled it (e.g., `\hobx'), type `I' and the correct
spelling (e.g., `I\hbox'). Otherwise just continue,
and I'll forget about whatever was undefined.

) (./03/03_8.tex
! Undefined control sequence.
l.1 \section
            {VHF/UHF展開アンテナ（仁尾・坂本）}
The control sequence at the end of the top line
of your error message was never \def'ed. If you have
misspelled it (e.g., `\hobx'), type `I' and the correct
spelling (e.g., `I\hbox'). Otherwise just continue,
and I'll forget about whatever was undefined.


Overfull \hbox (20.0pt too wide) in paragraph at lines 1--2
[]
 []


Overfull \hbox (9.6222pt too wide) in paragraph at lines 1--2
\JY2/mc/m/n/10 熱
 []


Overfull \hbox (9.6222pt too wide) in paragraph at lines 1--2
\JY2/mc/m/n/10 系
 []


Overfull \hbox (13.93329pt too wide) in paragraph at lines 1--2
\JY2/mc/m/n/10 （ 中
 []


Overfull \hbox (13.93329pt too wide) in paragraph at lines 1--2
\JY2/mc/m/n/10 村 ）
 []


Overfull \hbox (48.05568pt too wide) in paragraph at lines 1--2
\OT1/cmr/m/n/10 VHF/UHF
 []


Overfull \hbox (9.6222pt too wide) in paragraph at lines 1--2
\JY2/mc/m/n/10 展
 []


Overfull \hbox (9.6222pt too wide) in paragraph at lines 1--2
\JY2/mc/m/n/10 開
 []


Overfull \hbox (9.6222pt too wide) in paragraph at lines 1--2
\JY2/mc/m/n/10 ア
 []


Overfull \hbox (9.6222pt too wide) in paragraph at lines 1--2
\JY2/mc/m/n/10 ン
 []


Overfull \hbox (9.6222pt too wide) in paragraph at lines 1--2
\JY2/mc/m/n/10 テ
 []


Overfull \hbox (9.6222pt too wide) in paragraph at lines 1--2
\JY2/mc/m/n/10 ナ
 []


Overfull \hbox (13.93329pt too wide) in paragraph at lines 1--2
\JY2/mc/m/n/10 （ 仁
 []


Overfull \hbox (14.43329pt too wide) in paragraph at lines 1--2
\JY2/mc/m/n/10 尾 ・
 []


Overfull \hbox (9.6222pt too wide) in paragraph at lines 1--2
\JY2/mc/m/n/10 坂
 []


Overfull \hbox (13.93329pt too wide) in paragraph at lines 1--2
\JY2/mc/m/n/10 本 ） 
 []

) (./03/03_9_1.tex
! Undefined control sequence.
l.1 \section
            {ミッション系}
The control sequence at the end of the top line
of your error message was never \def'ed. If you have
misspelled it (e.g., `\hobx'), type `I' and the correct
spelling (e.g., `I\hbox'). Otherwise just continue,
and I'll forget about whatever was undefined.

! Undefined control sequence.
l.2 \subsection
               {5.8GHz通信ミッション（井手）}
The control sequence at the end of the top line
of your error message was never \def'ed. If you have
misspelled it (e.g., `\hobx'), type `I' and the correct
spelling (e.g., `I\hbox'). Otherwise just continue,
and I'll forget about whatever was undefined.


Overfull \hbox (20.0pt too wide) in paragraph at lines 1--3
[]
 []


Overfull \hbox (9.6222pt too wide) in paragraph at lines 1--3
\JY2/mc/m/n/10 ミ
 []


Overfull \hbox (9.6222pt too wide) in paragraph at lines 1--3
\JY2/mc/m/n/10 ッ
 []


Overfull \hbox (9.6222pt too wide) in paragraph at lines 1--3
\JY2/mc/m/n/10 シ
 []


Overfull \hbox (9.6222pt too wide) in paragraph at lines 1--3
\JY2/mc/m/n/10 ョ
 []


Overfull \hbox (9.6222pt too wide) in paragraph at lines 1--3
\JY2/mc/m/n/10 ン
 []


Overfull \hbox (9.6222pt too wide) in paragraph at lines 1--3
\JY2/mc/m/n/10 系
 []


Overfull \hbox (32.5695pt too wide) in paragraph at lines 1--3
\OT1/cmr/m/n/10 5.8GHz
 []


Overfull \hbox (9.6222pt too wide) in paragraph at lines 1--3
\JY2/mc/m/n/10 通
 []


Overfull \hbox (9.6222pt too wide) in paragraph at lines 1--3
\JY2/mc/m/n/10 信
 []


Overfull \hbox (9.6222pt too wide) in paragraph at lines 1--3
\JY2/mc/m/n/10 ミ
 []


Overfull \hbox (9.6222pt too wide) in paragraph at lines 1--3
\JY2/mc/m/n/10 ッ
 []


Overfull \hbox (9.6222pt too wide) in paragraph at lines 1--3
\JY2/mc/m/n/10 シ
 []


Overfull \hbox (9.6222pt too wide) in paragraph at lines 1--3
\JY2/mc/m/n/10 ョ
 []


Overfull \hbox (9.6222pt too wide) in paragraph at lines 1--3
\JY2/mc/m/n/10 ン
 []


Overfull \hbox (13.93329pt too wide) in paragraph at lines 1--3
\JY2/mc/m/n/10 （ 井
 []


Overfull \hbox (13.93329pt too wide) in paragraph at lines 1--3
\JY2/mc/m/n/10 手 ） 
 []

) (./03/03_9_2_1.tex
! Undefined control sequence.
l.1 \subsection
               {伸展カメラ}
The control sequence at the end of the top line
of your error message was never \def'ed. If you have
misspelled it (e.g., `\hobx'), type `I' and the correct
spelling (e.g., `I\hbox'). Otherwise just continue,
and I'll forget about whatever was undefined.

! Undefined control sequence.
l.2 \subsubsection
                  {システム開発（ウェル・坂本）}
The control sequence at the end of the top line
of your error message was never \def'ed. If you have
misspelled it (e.g., `\hobx'), type `I' and the correct
spelling (e.g., `I\hbox'). Otherwise just continue,
and I'll forget about whatever was undefined.


Overfull \hbox (20.0pt too wide) in paragraph at lines 1--3
[]
 []


Overfull \hbox (9.6222pt too wide) in paragraph at lines 1--3
\JY2/mc/m/n/10 伸
 []


Overfull \hbox (9.6222pt too wide) in paragraph at lines 1--3
\JY2/mc/m/n/10 展
 []


Overfull \hbox (9.6222pt too wide) in paragraph at lines 1--3
\JY2/mc/m/n/10 カ
 []


Overfull \hbox (9.6222pt too wide) in paragraph at lines 1--3
\JY2/mc/m/n/10 メ
 []


Overfull \hbox (9.6222pt too wide) in paragraph at lines 1--3
\JY2/mc/m/n/10 ラ
 []


Overfull \hbox (9.6222pt too wide) in paragraph at lines 1--3
\JY2/mc/m/n/10 シ
 []


Overfull \hbox (9.6222pt too wide) in paragraph at lines 1--3
\JY2/mc/m/n/10 ス
 []


Overfull \hbox (9.6222pt too wide) in paragraph at lines 1--3
\JY2/mc/m/n/10 テ
 []


Overfull \hbox (9.6222pt too wide) in paragraph at lines 1--3
\JY2/mc/m/n/10 ム
 []


Overfull \hbox (9.6222pt too wide) in paragraph at lines 1--3
\JY2/mc/m/n/10 開
 []


Overfull \hbox (9.6222pt too wide) in paragraph at lines 1--3
\JY2/mc/m/n/10 発
 []


Overfull \hbox (13.93329pt too wide) in paragraph at lines 1--3
\JY2/mc/m/n/10 （ ウ
 []


Overfull \hbox (9.6222pt too wide) in paragraph at lines 1--3
\JY2/mc/m/n/10 ェ
 []


Overfull \hbox (14.43329pt too wide) in paragraph at lines 1--3
\JY2/mc/m/n/10 ル ・
 []


Overfull \hbox (9.6222pt too wide) in paragraph at lines 1--3
\JY2/mc/m/n/10 坂
 []


Overfull \hbox (13.93329pt too wide) in paragraph at lines 1--3
\JY2/mc/m/n/10 本 ） 
 []

) (./03/03_9_2_2.tex
! Undefined control sequence.
l.1 \subsubsection
                  {3次元計測（飯島・黒崎）}
The control sequence at the end of the top line
of your error message was never \def'ed. If you have
misspelled it (e.g., `\hobx'), type `I' and the correct
spelling (e.g., `I\hbox'). Otherwise just continue,
and I'll forget about whatever was undefined.


Overfull \hbox (25.00002pt too wide) in paragraph at lines 1--2
[]\OT1/cmr/m/n/10 3
 []


Overfull \hbox (9.6222pt too wide) in paragraph at lines 1--2
\JY2/mc/m/n/10 次
 []


Overfull \hbox (9.6222pt too wide) in paragraph at lines 1--2
\JY2/mc/m/n/10 元
 []


Overfull \hbox (9.6222pt too wide) in paragraph at lines 1--2
\JY2/mc/m/n/10 計
 []


Overfull \hbox (9.6222pt too wide) in paragraph at lines 1--2
\JY2/mc/m/n/10 測
 []


Overfull \hbox (13.93329pt too wide) in paragraph at lines 1--2
\JY2/mc/m/n/10 （ 飯
 []


Overfull \hbox (14.43329pt too wide) in paragraph at lines 1--2
\JY2/mc/m/n/10 島 ・
 []


Overfull \hbox (9.6222pt too wide) in paragraph at lines 1--2
\JY2/mc/m/n/10 黒
 []


Overfull \hbox (13.93329pt too wide) in paragraph at lines 1--2
\JY2/mc/m/n/10 崎 ） 
 []

) (./03/03_9_2_3.tex
! Undefined control sequence.
l.1 \subsubsection
                  {動画計測（飯島）}
The control sequence at the end of the top line
of your error message was never \def'ed. If you have
misspelled it (e.g., `\hobx'), type `I' and the correct
spelling (e.g., `I\hbox'). Otherwise just continue,
and I'll forget about whatever was undefined.


Overfull \hbox (20.0pt too wide) in paragraph at lines 1--2
[]
 []


Overfull \hbox (9.6222pt too wide) in paragraph at lines 1--2
\JY2/mc/m/n/10 動
 []


Overfull \hbox (9.6222pt too wide) in paragraph at lines 1--2
\JY2/mc/m/n/10 画
 []


Overfull \hbox (9.6222pt too wide) in paragraph at lines 1--2
\JY2/mc/m/n/10 計
 []


Overfull \hbox (9.6222pt too wide) in paragraph at lines 1--2
\JY2/mc/m/n/10 測
 []


Overfull \hbox (13.93329pt too wide) in paragraph at lines 1--2
\JY2/mc/m/n/10 （ 飯
 []


Overfull \hbox (13.93329pt too wide) in paragraph at lines 1--2
\JY2/mc/m/n/10 島 ） 
 []

) (./03/03_9_3_1.tex
! Undefined control sequence.
l.1 \subsection
               {膜展開部}
The control sequence at the end of the top line
of your error message was never \def'ed. If you have
misspelled it (e.g., `\hobx'), type `I' and the correct
spelling (e.g., `I\hbox'). Otherwise just continue,
and I'll forget about whatever was undefined.

! Undefined control sequence.
l.2 \subsubsection
                  {展開膜開発（古谷・坂本）}
The control sequence at the end of the top line
of your error message was never \def'ed. If you have
misspelled it (e.g., `\hobx'), type `I' and the correct
spelling (e.g., `I\hbox'). Otherwise just continue,
and I'll forget about whatever was undefined.


Overfull \hbox (20.0pt too wide) in paragraph at lines 1--3
[]
 []


Overfull \hbox (9.6222pt too wide) in paragraph at lines 1--3
\JY2/mc/m/n/10 膜
 []


Overfull \hbox (9.6222pt too wide) in paragraph at lines 1--3
\JY2/mc/m/n/10 展
 []


Overfull \hbox (9.6222pt too wide) in paragraph at lines 1--3
\JY2/mc/m/n/10 開
 []


Overfull \hbox (9.6222pt too wide) in paragraph at lines 1--3
\JY2/mc/m/n/10 部
 []


Overfull \hbox (9.6222pt too wide) in paragraph at lines 1--3
\JY2/mc/m/n/10 展
 []


Overfull \hbox (9.6222pt too wide) in paragraph at lines 1--3
\JY2/mc/m/n/10 開
 []


Overfull \hbox (9.6222pt too wide) in paragraph at lines 1--3
\JY2/mc/m/n/10 膜
 []


Overfull \hbox (9.6222pt too wide) in paragraph at lines 1--3
\JY2/mc/m/n/10 開
 []


Overfull \hbox (9.6222pt too wide) in paragraph at lines 1--3
\JY2/mc/m/n/10 発
 []


Overfull \hbox (13.93329pt too wide) in paragraph at lines 1--3
\JY2/mc/m/n/10 （ 古
 []


Overfull \hbox (14.43329pt too wide) in paragraph at lines 1--3
\JY2/mc/m/n/10 谷 ・
 []


Overfull \hbox (9.6222pt too wide) in paragraph at lines 1--3
\JY2/mc/m/n/10 坂
 []


Overfull \hbox (13.93329pt too wide) in paragraph at lines 1--3
\JY2/mc/m/n/10 本 ） 
 []

) (./03/03_9_3_2.tex
! Undefined control sequence.
l.1 \subsubsection
                  {MDC（大本）}
The control sequence at the end of the top line
of your error message was never \def'ed. If you have
misspelled it (e.g., `\hobx'), type `I' and the correct
spelling (e.g., `I\hbox'). Otherwise just continue,
and I'll forget about whatever was undefined.


Overfull \hbox (44.02782pt too wide) in paragraph at lines 1--2
[]\OT1/cmr/m/n/10 MDC
 []


Overfull \hbox (13.93329pt too wide) in paragraph at lines 1--2
\JY2/mc/m/n/10 （ 大
 []


Overfull \hbox (13.93329pt too wide) in paragraph at lines 1--2
\JY2/mc/m/n/10 本 ） 
 []

) (./03/03_9_3_3.tex
! Undefined control sequence.
l.1 \subsubsection
                  {薄膜太陽電池ミッション（大野）}
The control sequence at the end of the top line
of your error message was never \def'ed. If you have
misspelled it (e.g., `\hobx'), type `I' and the correct
spelling (e.g., `I\hbox'). Otherwise just continue,
and I'll forget about whatever was undefined.


Overfull \hbox (20.0pt too wide) in paragraph at lines 1--2
[]
 []


Overfull \hbox (9.6222pt too wide) in paragraph at lines 1--2
\JY2/mc/m/n/10 薄
 []


Overfull \hbox (9.6222pt too wide) in paragraph at lines 1--2
\JY2/mc/m/n/10 膜
 []


Overfull \hbox (9.6222pt too wide) in paragraph at lines 1--2
\JY2/mc/m/n/10 太
 []


Overfull \hbox (9.6222pt too wide) in paragraph at lines 1--2
\JY2/mc/m/n/10 陽
 []


Overfull \hbox (9.6222pt too wide) in paragraph at lines 1--2
\JY2/mc/m/n/10 電
 []


Overfull \hbox (9.6222pt too wide) in paragraph at lines 1--2
\JY2/mc/m/n/10 池
 []


Overfull \hbox (9.6222pt too wide) in paragraph at lines 1--2
\JY2/mc/m/n/10 ミ
 []


Overfull \hbox (9.6222pt too wide) in paragraph at lines 1--2
\JY2/mc/m/n/10 ッ
 []


Overfull \hbox (9.6222pt too wide) in paragraph at lines 1--2
\JY2/mc/m/n/10 シ
 []


Overfull \hbox (9.6222pt too wide) in paragraph at lines 1--2
\JY2/mc/m/n/10 ョ
 []


Overfull \hbox (9.6222pt too wide) in paragraph at lines 1--2
\JY2/mc/m/n/10 ン
 []


Overfull \hbox (13.93329pt too wide) in paragraph at lines 1--2
\JY2/mc/m/n/10 （ 大
 []


Overfull \hbox (13.93329pt too wide) in paragraph at lines 1--2
\JY2/mc/m/n/10 野 ） 
 []

) (./03/03_9_3_4.tex
! Undefined control sequence.
l.1 \subsubsection
                  {SMAアンテナミッション（鳥阪）}
The control sequence at the end of the top line
of your error message was never \def'ed. If you have
misspelled it (e.g., `\hobx'), type `I' and the correct
spelling (e.g., `I\hbox'). Otherwise just continue,
and I'll forget about whatever was undefined.


Overfull \hbox (42.22227pt too wide) in paragraph at lines 1--2
[]\OT1/cmr/m/n/10 SMA
 []


Overfull \hbox (9.6222pt too wide) in paragraph at lines 1--2
\JY2/mc/m/n/10 ア
 []


Overfull \hbox (9.6222pt too wide) in paragraph at lines 1--2
\JY2/mc/m/n/10 ン
 []


Overfull \hbox (9.6222pt too wide) in paragraph at lines 1--2
\JY2/mc/m/n/10 テ
 []


Overfull \hbox (9.6222pt too wide) in paragraph at lines 1--2
\JY2/mc/m/n/10 ナ
 []


Overfull \hbox (9.6222pt too wide) in paragraph at lines 1--2
\JY2/mc/m/n/10 ミ
 []


Overfull \hbox (9.6222pt too wide) in paragraph at lines 1--2
\JY2/mc/m/n/10 ッ
 []


Overfull \hbox (9.6222pt too wide) in paragraph at lines 1--2
\JY2/mc/m/n/10 シ
 []


Overfull \hbox (9.6222pt too wide) in paragraph at lines 1--2
\JY2/mc/m/n/10 ョ
 []


Overfull \hbox (9.6222pt too wide) in paragraph at lines 1--2
\JY2/mc/m/n/10 ン
 []


Overfull \hbox (13.93329pt too wide) in paragraph at lines 1--2
\JY2/mc/m/n/10 （ 鳥
 []


Overfull \hbox (13.93329pt too wide) in paragraph at lines 1--2
\JY2/mc/m/n/10 阪 ） 
 []

) (./03/03_9_3_5.tex
! Undefined control sequence.
l.1 \subsubsection
                  {球状太陽電池ミッション（サカセ・坂本）}
The control sequence at the end of the top line
of your error message was never \def'ed. If you have
misspelled it (e.g., `\hobx'), type `I' and the correct
spelling (e.g., `I\hbox'). Otherwise just continue,
and I'll forget about whatever was undefined.


Overfull \hbox (20.0pt too wide) in paragraph at lines 1--2
[]
 []


Overfull \hbox (9.6222pt too wide) in paragraph at lines 1--2
\JY2/mc/m/n/10 球
 []


Overfull \hbox (9.6222pt too wide) in paragraph at lines 1--2
\JY2/mc/m/n/10 状
 []


Overfull \hbox (9.6222pt too wide) in paragraph at lines 1--2
\JY2/mc/m/n/10 太
 []


Overfull \hbox (9.6222pt too wide) in paragraph at lines 1--2
\JY2/mc/m/n/10 陽
 []


Overfull \hbox (9.6222pt too wide) in paragraph at lines 1--2
\JY2/mc/m/n/10 電
 []


Overfull \hbox (9.6222pt too wide) in paragraph at lines 1--2
\JY2/mc/m/n/10 池
 []


Overfull \hbox (9.6222pt too wide) in paragraph at lines 1--2
\JY2/mc/m/n/10 ミ
 []


Overfull \hbox (9.6222pt too wide) in paragraph at lines 1--2
\JY2/mc/m/n/10 ッ
 []


Overfull \hbox (9.6222pt too wide) in paragraph at lines 1--2
\JY2/mc/m/n/10 シ
 []


Overfull \hbox (9.6222pt too wide) in paragraph at lines 1--2
\JY2/mc/m/n/10 ョ
 []


Overfull \hbox (9.6222pt too wide) in paragraph at lines 1--2
\JY2/mc/m/n/10 ン
 []


Overfull \hbox (13.93329pt too wide) in paragraph at lines 1--2
\JY2/mc/m/n/10 （ サ
 []


Overfull \hbox (9.6222pt too wide) in paragraph at lines 1--2
\JY2/mc/m/n/10 カ
 []


Overfull \hbox (14.43329pt too wide) in paragraph at lines 1--2
\JY2/mc/m/n/10 セ ・
 []


Overfull \hbox (9.6222pt too wide) in paragraph at lines 1--2
\JY2/mc/m/n/10 坂
 []


Overfull \hbox (13.93329pt too wide) in paragraph at lines 1--2
\JY2/mc/m/n/10 本 ） 
 []

))
! Emergency stop.
<*> ./03.tex
            
*** (job aborted, no legal \end found)

 
Here is how much of TeX's memory you used:
 66 strings out of 493649
 716 string characters out of 6151997
 73198 words of memory out of 5000000
 3701 multiletter control sequences out of 15000+600000
 6283 words of font info for 32 fonts, out of 8000000 for 9000
 929 hyphenation exceptions out of 8191
 23i,4n,11p,190b,120s stack positions out of 5000i,500n,10000p,200000b,80000s
Output written on 03.dvi (1 page, 984 bytes).
