This is e-pTeX, Version 3.14159265-p3.7.1-161114-2.6 (utf8.euc) (TeX Live 2017) (preloaded format=platex 2018.4.10)  16 APR 2019 15:24
entering extended mode
 restricted \write18 enabled.
 %&-line parsing enabled.
**04.tex
(./04.tex
pLaTeX2e <2017/10/28>+4 (based on LaTeX2e <2017-04-15>)
Babel <3.18> and hyphenation patterns for 84 language(s) loaded.
! Undefined control sequence.
l.2 \chapter
            {統合試験}
The control sequence at the end of the top line
of your error message was never \def'ed. If you have
misspelled it (e.g., `\hobx'), type `I' and the correct
spelling (e.g., `I\hbox'). Otherwise just continue,
and I'll forget about whatever was undefined.


! LaTeX Error: Missing \begin{document}.

See the LaTeX manual or LaTeX Companion for explanation.
Type  H <return>  for immediate help.
 ...                                              
                                                  
l.2 \chapter{統
               合試験}
You're in trouble here.  Try typing  <return>  to proceed.
If that doesn't work, type  X <return>  to quit.


Overfull \hbox (20.0pt too wide) in paragraph at lines 2--4
[]
 []


Overfull \hbox (9.62216pt too wide) in paragraph at lines 2--4
\JY1/mc/m/n/10 統
 []


Overfull \hbox (9.62216pt too wide) in paragraph at lines 2--4
\JY1/mc/m/n/10 合
 []


Overfull \hbox (9.62216pt too wide) in paragraph at lines 2--4
\JY1/mc/m/n/10 試
 []


Overfull \hbox (9.62216pt too wide) in paragraph at lines 2--4
\JY1/mc/m/n/10 験[] 
 []

(./04/04_1.tex
! Undefined control sequence.
l.1 \section
            {放射線試験（寺田（報告書）・池谷・黒崎）}
The control sequence at the end of the top line
of your error message was never \def'ed. If you have
misspelled it (e.g., `\hobx'), type `I' and the correct
spelling (e.g., `I\hbox'). Otherwise just continue,
and I'll forget about whatever was undefined.


! LaTeX Error: Missing \begin{document}.

See the LaTeX manual or LaTeX Companion for explanation.
Type  H <return>  for immediate help.
 ...                                              
                                                  
l.1 \section{放
               射線試験（寺田（報告書）・池谷・黒崎）}
You're in trouble here.  Try typing  <return>  to proceed.
If that doesn't work, type  X <return>  to quit.

) (./04/04_2.tex
! Undefined control sequence.
l.1 \section
            {形状計測試験（大野・奥山）}
The control sequence at the end of the top line
of your error message was never \def'ed. If you have
misspelled it (e.g., `\hobx'), type `I' and the correct
spelling (e.g., `I\hbox'). Otherwise just continue,
and I'll forget about whatever was undefined.


Overfull \hbox (20.0pt too wide) in paragraph at lines 1--2
[]
 []


Overfull \hbox (9.62216pt too wide) in paragraph at lines 1--2
\JY1/mc/m/n/10 放
 []


Overfull \hbox (9.62216pt too wide) in paragraph at lines 1--2
\JY1/mc/m/n/10 射
 []


Overfull \hbox (9.62216pt too wide) in paragraph at lines 1--2
\JY1/mc/m/n/10 線
 []


Overfull \hbox (9.62216pt too wide) in paragraph at lines 1--2
\JY1/mc/m/n/10 試
 []


Overfull \hbox (9.62216pt too wide) in paragraph at lines 1--2
\JY1/mc/m/n/10 験
 []


Overfull \hbox (14.1623pt too wide) in paragraph at lines 1--2
\JY1/mc/m/n/10 （ 寺
 []


Overfull \hbox (9.62216pt too wide) in paragraph at lines 1--2
\JY1/mc/m/n/10 田
 []


Overfull \hbox (14.1623pt too wide) in paragraph at lines 1--2
\JY1/mc/m/n/10 （ 報
 []


Overfull \hbox (9.62216pt too wide) in paragraph at lines 1--2
\JY1/mc/m/n/10 告
 []


Overfull \hbox (17.69894pt too wide) in paragraph at lines 1--2
\JY1/mc/m/n/10 書 ） ・
 []


Overfull \hbox (9.62216pt too wide) in paragraph at lines 1--2
\JY1/mc/m/n/10 池
 []


Overfull \hbox (13.15881pt too wide) in paragraph at lines 1--2
\JY1/mc/m/n/10 谷 ・
 []


Overfull \hbox (9.62216pt too wide) in paragraph at lines 1--2
\JY1/mc/m/n/10 黒
 []


Overfull \hbox (14.1623pt too wide) in paragraph at lines 1--2
\JY1/mc/m/n/10 崎 ）
 []


Overfull \hbox (9.62216pt too wide) in paragraph at lines 1--2
\JY1/mc/m/n/10 形
 []


Overfull \hbox (9.62216pt too wide) in paragraph at lines 1--2
\JY1/mc/m/n/10 状
 []


Overfull \hbox (9.62216pt too wide) in paragraph at lines 1--2
\JY1/mc/m/n/10 計
 []


Overfull \hbox (9.62216pt too wide) in paragraph at lines 1--2
\JY1/mc/m/n/10 測
 []


Overfull \hbox (9.62216pt too wide) in paragraph at lines 1--2
\JY1/mc/m/n/10 試
 []


Overfull \hbox (9.62216pt too wide) in paragraph at lines 1--2
\JY1/mc/m/n/10 験
 []


Overfull \hbox (14.1623pt too wide) in paragraph at lines 1--2
\JY1/mc/m/n/10 （ 大
 []


Overfull \hbox (13.15881pt too wide) in paragraph at lines 1--2
\JY1/mc/m/n/10 野 ・
 []


Overfull \hbox (9.62216pt too wide) in paragraph at lines 1--2
\JY1/mc/m/n/10 奥
 []


Overfull \hbox (14.1623pt too wide) in paragraph at lines 1--2
\JY1/mc/m/n/10 山 ） 
 []

! Undefined control sequence.
l.3 \subsection
               {形状計測試験とは}
The control sequence at the end of the top line
of your error message was never \def'ed. If you have
misspelled it (e.g., `\hobx'), type `I' and the correct
spelling (e.g., `I\hbox'). Otherwise just continue,
and I'll forget about whatever was undefined.


! LaTeX Error: Missing \begin{document}.

See the LaTeX manual or LaTeX Companion for explanation.
Type  H <return>  for immediate help.
 ...                                              
                                                  
l.3 \subsection{形
                  状計測試験とは}
You're in trouble here.  Try typing  <return>  to proceed.
If that doesn't work, type  X <return>  to quit.


Overfull \hbox (20.0pt too wide) in paragraph at lines 3--4
[]
 []


Overfull \hbox (9.62216pt too wide) in paragraph at lines 3--4
\JY1/mc/m/n/10 形
 []


Overfull \hbox (9.62216pt too wide) in paragraph at lines 3--4
\JY1/mc/m/n/10 状
 []


Overfull \hbox (9.62216pt too wide) in paragraph at lines 3--4
\JY1/mc/m/n/10 計
 []


Overfull \hbox (9.62216pt too wide) in paragraph at lines 3--4
\JY1/mc/m/n/10 測
 []


Overfull \hbox (9.62216pt too wide) in paragraph at lines 3--4
\JY1/mc/m/n/10 試
 []


Overfull \hbox (9.62216pt too wide) in paragraph at lines 3--4
\JY1/mc/m/n/10 験
 []


Overfull \hbox (9.62216pt too wide) in paragraph at lines 3--4
\JY1/mc/m/n/10 と
 []


Overfull \hbox (9.62216pt too wide) in paragraph at lines 3--4
\JY1/mc/m/n/10 は 
 []


! LaTeX Error: Missing \begin{document}.

See the LaTeX manual or LaTeX Companion for explanation.
Type  H <return>  for immediate help.
 ...                                              
                                                  
l.5 C
     ubeSatはE-SSODと呼ばれるポッド内に収納された状態でロケットに搭載される...
You're in trouble here.  Try typing  <return>  to proceed.
If that doesn't work, type  X <return>  to quit.


! LaTeX Error: Environment description undefined.

See the LaTeX manual or LaTeX Companion for explanation.
Type  H <return>  for immediate help.
 ...                                              
                                                  
l.7 \begin{description}
                       
Your command was ignored.
Type  I <command> <return>  to replace it with another command,
or  <return>  to continue without it.


Overfull \hbox (57.50009pt too wide) in paragraph at lines 5--8
[]\OT1/cmr/m/n/10 CubeSat
 []


Overfull \hbox (9.62216pt too wide) in paragraph at lines 5--8
\JY1/mc/m/n/10 は
 []


Overfull \hbox (10.1389pt too wide) in paragraph at lines 5--8
\OT1/cmr/m/n/10 E-
 []


Overfull \hbox (26.52785pt too wide) in paragraph at lines 5--8
\OT1/cmr/m/n/10 SSOD
 []


Overfull \hbox (9.62216pt too wide) in paragraph at lines 5--8
\JY1/mc/m/n/10 と
 []


Overfull \hbox (9.62216pt too wide) in paragraph at lines 5--8
\JY1/mc/m/n/10 呼
 []


Overfull \hbox (9.62216pt too wide) in paragraph at lines 5--8
\JY1/mc/m/n/10 ば
 []


Overfull \hbox (9.62216pt too wide) in paragraph at lines 5--8
\JY1/mc/m/n/10 れ
 []


Overfull \hbox (9.62216pt too wide) in paragraph at lines 5--8
\JY1/mc/m/n/10 る
 []


Overfull \hbox (9.62216pt too wide) in paragraph at lines 5--8
\JY1/mc/m/n/10 ポ
 []


Overfull \hbox (7.47433pt too wide) in paragraph at lines 5--8
\JY1/mc/m/n/10 ッ
 []


Overfull \hbox (9.62216pt too wide) in paragraph at lines 5--8
\JY1/mc/m/n/10 ド
 []


Overfull \hbox (9.62216pt too wide) in paragraph at lines 5--8
\JY1/mc/m/n/10 内
 []


Overfull \hbox (9.62216pt too wide) in paragraph at lines 5--8
\JY1/mc/m/n/10 に
 []


Overfull \hbox (9.62216pt too wide) in paragraph at lines 5--8
\JY1/mc/m/n/10 収
 []


Overfull \hbox (9.62216pt too wide) in paragraph at lines 5--8
\JY1/mc/m/n/10 納
 []


Overfull \hbox (9.62216pt too wide) in paragraph at lines 5--8
\JY1/mc/m/n/10 さ
 []


Overfull \hbox (9.62216pt too wide) in paragraph at lines 5--8
\JY1/mc/m/n/10 れ
 []


Overfull \hbox (9.62216pt too wide) in paragraph at lines 5--8
\JY1/mc/m/n/10 た
 []


Overfull \hbox (9.62216pt too wide) in paragraph at lines 5--8
\JY1/mc/m/n/10 状
 []


Overfull \hbox (9.62216pt too wide) in paragraph at lines 5--8
\JY1/mc/m/n/10 態
 []


Overfull \hbox (9.62216pt too wide) in paragraph at lines 5--8
\JY1/mc/m/n/10 で
 []


Overfull \hbox (9.62216pt too wide) in paragraph at lines 5--8
\JY1/mc/m/n/10 ロ
 []


Overfull \hbox (9.62216pt too wide) in paragraph at lines 5--8
\JY1/mc/m/n/10 ケ
 []


Overfull \hbox (7.47433pt too wide) in paragraph at lines 5--8
\JY1/mc/m/n/10 ッ
 []


Overfull \hbox (9.62216pt too wide) in paragraph at lines 5--8
\JY1/mc/m/n/10 ト
 []


Overfull \hbox (9.62216pt too wide) in paragraph at lines 5--8
\JY1/mc/m/n/10 に
 []


Overfull \hbox (9.62216pt too wide) in paragraph at lines 5--8
\JY1/mc/m/n/10 搭
 []


Overfull \hbox (9.62216pt too wide) in paragraph at lines 5--8
\JY1/mc/m/n/10 載
 []


Overfull \hbox (9.62216pt too wide) in paragraph at lines 5--8
\JY1/mc/m/n/10 さ
 []


Overfull \hbox (9.62216pt too wide) in paragraph at lines 5--8
\JY1/mc/m/n/10 れ
 []


Overfull \hbox (12.65881pt too wide) in paragraph at lines 5--8
\JY1/mc/m/n/10 る ．
 []


Overfull \hbox (9.62216pt too wide) in paragraph at lines 5--8
\JY1/mc/m/n/10 そ
 []


Overfull \hbox (9.62216pt too wide) in paragraph at lines 5--8
\JY1/mc/m/n/10 の
 []


Overfull \hbox (9.62216pt too wide) in paragraph at lines 5--8
\JY1/mc/m/n/10 た
 []


Overfull \hbox (12.65881pt too wide) in paragraph at lines 5--8
\JY1/mc/m/n/10 め ，
 []


Overfull \hbox (10.1389pt too wide) in paragraph at lines 5--8
\OT1/cmr/m/n/10 E-
 []


Overfull \hbox (26.52785pt too wide) in paragraph at lines 5--8
\OT1/cmr/m/n/10 SSOD
 []


Overfull \hbox (9.62216pt too wide) in paragraph at lines 5--8
\JY1/mc/m/n/10 に
 []


Overfull \hbox (9.62216pt too wide) in paragraph at lines 5--8
\JY1/mc/m/n/10 収
 []


Overfull \hbox (9.62216pt too wide) in paragraph at lines 5--8
\JY1/mc/m/n/10 ま
 []


Overfull \hbox (12.67767pt too wide) in paragraph at lines 5--8
\JY1/mc/m/n/10 り，
 []


Overfull \hbox (9.62216pt too wide) in paragraph at lines 5--8
\JY1/mc/m/n/10 軌
 []


Overfull \hbox (9.62216pt too wide) in paragraph at lines 5--8
\JY1/mc/m/n/10 道
 []


Overfull \hbox (9.62216pt too wide) in paragraph at lines 5--8
\JY1/mc/m/n/10 上
 []


Overfull \hbox (9.62216pt too wide) in paragraph at lines 5--8
\JY1/mc/m/n/10 で
 []


Overfull \hbox (9.62216pt too wide) in paragraph at lines 5--8
\JY1/mc/m/n/10 問
 []


Overfull \hbox (9.62216pt too wide) in paragraph at lines 5--8
\JY1/mc/m/n/10 題
 []


Overfull \hbox (9.62216pt too wide) in paragraph at lines 5--8
\JY1/mc/m/n/10 な
 []


Overfull \hbox (9.62216pt too wide) in paragraph at lines 5--8
\JY1/mc/m/n/10 く
 []


Overfull \hbox (10.1389pt too wide) in paragraph at lines 5--8
\OT1/cmr/m/n/10 E-
 []


Overfull \hbox (26.52785pt too wide) in paragraph at lines 5--8
\OT1/cmr/m/n/10 SSOD
 []


Overfull \hbox (9.62216pt too wide) in paragraph at lines 5--8
\JY1/mc/m/n/10 か
 []


Overfull \hbox (9.62216pt too wide) in paragraph at lines 5--8
\JY1/mc/m/n/10 ら
 []


Overfull \hbox (9.62216pt too wide) in paragraph at lines 5--8
\JY1/mc/m/n/10 放
 []


Overfull \hbox (9.62216pt too wide) in paragraph at lines 5--8
\JY1/mc/m/n/10 出
 []


Overfull \hbox (9.62216pt too wide) in paragraph at lines 5--8
\JY1/mc/m/n/10 さ
 []


Overfull \hbox (9.62216pt too wide) in paragraph at lines 5--8
\JY1/mc/m/n/10 れ
 []


Overfull \hbox (9.62216pt too wide) in paragraph at lines 5--8
\JY1/mc/m/n/10 る
 []


Overfull \hbox (9.62216pt too wide) in paragraph at lines 5--8
\JY1/mc/m/n/10 た
 []


Overfull \hbox (9.62216pt too wide) in paragraph at lines 5--8
\JY1/mc/m/n/10 め
 []


Overfull \hbox (12.65881pt too wide) in paragraph at lines 5--8
\JY1/mc/m/n/10 に ，
 []


Overfull \hbox (26.38893pt too wide) in paragraph at lines 5--8
\OT1/cmr/m/n/10 Cube-
 []


Overfull \hbox (14.44449pt too wide) in paragraph at lines 5--8
\OT1/cmr/m/n/10 Sat
 []


Overfull \hbox (9.62216pt too wide) in paragraph at lines 5--8
\JY1/mc/m/n/10 の
 []


Overfull \hbox (9.62216pt too wide) in paragraph at lines 5--8
\JY1/mc/m/n/10 形
 []


Overfull \hbox (9.62216pt too wide) in paragraph at lines 5--8
\JY1/mc/m/n/10 状
 []


Overfull \hbox (9.62216pt too wide) in paragraph at lines 5--8
\JY1/mc/m/n/10 に
 []


Overfull \hbox (9.62216pt too wide) in paragraph at lines 5--8
\JY1/mc/m/n/10 は
 []


Overfull \hbox (9.62216pt too wide) in paragraph at lines 5--8
\JY1/mc/m/n/10 制
 []


Overfull \hbox (9.62216pt too wide) in paragraph at lines 5--8
\JY1/mc/m/n/10 約
 []


Overfull \hbox (9.62216pt too wide) in paragraph at lines 5--8
\JY1/mc/m/n/10 が
 []


Overfull \hbox (9.62216pt too wide) in paragraph at lines 5--8
\JY1/mc/m/n/10 あ
 []


Overfull \hbox (12.65881pt too wide) in paragraph at lines 5--8
\JY1/mc/m/n/10 る ．
 []


Overfull \hbox (53.36125pt too wide) in paragraph at lines 5--8
\OT1/cmr/m/n/10 OrigamiSat-
 []


Overfull \hbox (5.00002pt too wide) in paragraph at lines 5--8
\OT1/cmr/m/n/10 1
 []


Overfull \hbox (9.62216pt too wide) in paragraph at lines 5--8
\JY1/mc/m/n/10 の
 []


Overfull \hbox (9.62216pt too wide) in paragraph at lines 5--8
\JY1/mc/m/n/10 形
 []


Overfull \hbox (9.62216pt too wide) in paragraph at lines 5--8
\JY1/mc/m/n/10 状
 []


Overfull \hbox (9.62216pt too wide) in paragraph at lines 5--8
\JY1/mc/m/n/10 に
 []


Overfull \hbox (9.62216pt too wide) in paragraph at lines 5--8
\JY1/mc/m/n/10 対
 []


Overfull \hbox (9.62216pt too wide) in paragraph at lines 5--8
\JY1/mc/m/n/10 す
 []


Overfull \hbox (9.62216pt too wide) in paragraph at lines 5--8
\JY1/mc/m/n/10 る
 []


Overfull \hbox (9.62216pt too wide) in paragraph at lines 5--8
\JY1/mc/m/n/10 要
 []


Overfull \hbox (9.62216pt too wide) in paragraph at lines 5--8
\JY1/mc/m/n/10 求
 []


Overfull \hbox (12.65881pt too wide) in paragraph at lines 5--8
\JY1/mc/m/n/10 は ，
 []


Overfull \hbox (9.62216pt too wide) in paragraph at lines 5--8
\JY1/mc/m/n/10 イ
 []


Overfull \hbox (9.62216pt too wide) in paragraph at lines 5--8
\JY1/mc/m/n/10 ン
 []


Overfull \hbox (18.74432pt too wide) in paragraph at lines 5--8
\JY1/mc/m/n/10 タ ー
 []


Overfull \hbox (9.62216pt too wide) in paragraph at lines 5--8
\JY1/mc/m/n/10 フ
 []


Overfull \hbox (17.0965pt too wide) in paragraph at lines 5--8
\JY1/mc/m/n/10 ェ ー
 []


Overfull \hbox (9.62216pt too wide) in paragraph at lines 5--8
\JY1/mc/m/n/10 ス
 []


Overfull \hbox (9.62216pt too wide) in paragraph at lines 5--8
\JY1/mc/m/n/10 管
 []


Overfull \hbox (9.62216pt too wide) in paragraph at lines 5--8
\JY1/mc/m/n/10 理
 []


Overfull \hbox (9.62216pt too wide) in paragraph at lines 5--8
\JY1/mc/m/n/10 文
 []


Overfull \hbox (9.62216pt too wide) in paragraph at lines 5--8
\JY1/mc/m/n/10 書
 []


Overfull \hbox (13.51106pt too wide) in paragraph at lines 5--8
\OT1/cmr/m/n/10 (\JY1/mc/m/n/10 以
 []


Overfull \hbox (9.62216pt too wide) in paragraph at lines 5--8
\JY1/mc/m/n/10 後
 []


Overfull \hbox (18.47224pt too wide) in paragraph at lines 5--8
\OT1/cmr/m/n/10 ICD
 []


Overfull \hbox (9.62216pt too wide) in paragraph at lines 5--8
\JY1/mc/m/n/10 と
 []


Overfull \hbox (9.62216pt too wide) in paragraph at lines 5--8
\JY1/mc/m/n/10 記
 []


Overfull \hbox (13.51106pt too wide) in paragraph at lines 5--8
\JY1/mc/m/n/10 載\OT1/cmr/m/n/10 )
 []


Overfull \hbox (9.62216pt too wide) in paragraph at lines 5--8
\JY1/mc/m/n/10 に
 []


Overfull \hbox (9.62216pt too wide) in paragraph at lines 5--8
\JY1/mc/m/n/10 定
 []


Overfull \hbox (9.62216pt too wide) in paragraph at lines 5--8
\JY1/mc/m/n/10 義
 []


Overfull \hbox (9.62216pt too wide) in paragraph at lines 5--8
\JY1/mc/m/n/10 さ
 []


Overfull \hbox (9.62216pt too wide) in paragraph at lines 5--8
\JY1/mc/m/n/10 れ
 []


Overfull \hbox (9.62216pt too wide) in paragraph at lines 5--8
\JY1/mc/m/n/10 て
 []


Overfull \hbox (9.62216pt too wide) in paragraph at lines 5--8
\JY1/mc/m/n/10 い
 []


Overfull \hbox (12.65881pt too wide) in paragraph at lines 5--8
\JY1/mc/m/n/10 る ．
 []


Overfull \hbox (18.47224pt too wide) in paragraph at lines 5--8
\OT1/cmr/m/n/10 ICD
 []


Overfull \hbox (9.62216pt too wide) in paragraph at lines 5--8
\JY1/mc/m/n/10 に
 []


Overfull \hbox (9.62216pt too wide) in paragraph at lines 5--8
\JY1/mc/m/n/10 記
 []


Overfull \hbox (9.62216pt too wide) in paragraph at lines 5--8
\JY1/mc/m/n/10 載
 []


Overfull \hbox (9.62216pt too wide) in paragraph at lines 5--8
\JY1/mc/m/n/10 さ
 []


Overfull \hbox (9.62216pt too wide) in paragraph at lines 5--8
\JY1/mc/m/n/10 れ
 []


Overfull \hbox (9.62216pt too wide) in paragraph at lines 5--8
\JY1/mc/m/n/10 て
 []


Overfull \hbox (9.62216pt too wide) in paragraph at lines 5--8
\JY1/mc/m/n/10 い
 []


Overfull \hbox (9.62216pt too wide) in paragraph at lines 5--8
\JY1/mc/m/n/10 る
 []


Overfull \hbox (9.62216pt too wide) in paragraph at lines 5--8
\JY1/mc/m/n/10 形
 []


Overfull \hbox (9.62216pt too wide) in paragraph at lines 5--8
\JY1/mc/m/n/10 状
 []


Overfull \hbox (9.62216pt too wide) in paragraph at lines 5--8
\JY1/mc/m/n/10 に
 []


Overfull \hbox (9.62216pt too wide) in paragraph at lines 5--8
\JY1/mc/m/n/10 関
 []


Overfull \hbox (9.62216pt too wide) in paragraph at lines 5--8
\JY1/mc/m/n/10 す
 []


Overfull \hbox (9.62216pt too wide) in paragraph at lines 5--8
\JY1/mc/m/n/10 る
 []


Overfull \hbox (9.62216pt too wide) in paragraph at lines 5--8
\JY1/mc/m/n/10 要
 []


Overfull \hbox (9.62216pt too wide) in paragraph at lines 5--8
\JY1/mc/m/n/10 求
 []


Overfull \hbox (9.62216pt too wide) in paragraph at lines 5--8
\JY1/mc/m/n/10 に
 []


Overfull \hbox (9.62216pt too wide) in paragraph at lines 5--8
\JY1/mc/m/n/10 は
 []


Overfull \hbox (9.62216pt too wide) in paragraph at lines 5--8
\JY1/mc/m/n/10 以
 []


Overfull \hbox (9.62216pt too wide) in paragraph at lines 5--8
\JY1/mc/m/n/10 下
 []


Overfull \hbox (9.62216pt too wide) in paragraph at lines 5--8
\JY1/mc/m/n/10 の
 []


Overfull \hbox (9.62216pt too wide) in paragraph at lines 5--8
\JY1/mc/m/n/10 も
 []


Overfull \hbox (9.62216pt too wide) in paragraph at lines 5--8
\JY1/mc/m/n/10 の
 []


Overfull \hbox (9.62216pt too wide) in paragraph at lines 5--8
\JY1/mc/m/n/10 が
 []


Overfull \hbox (9.62216pt too wide) in paragraph at lines 5--8
\JY1/mc/m/n/10 あ
 []


Overfull \hbox (12.65881pt too wide) in paragraph at lines 5--8
\JY1/mc/m/n/10 る ． 
 []


! LaTeX Error: The font size command \normalsize is not defined:
               there is probably something wrong with the class file.

See the LaTeX manual or LaTeX Companion for explanation.
Type  H <return>  for immediate help.
 ...                                              
                                                  
l.8 ^^I\item[外形寸法に関する要求]
                                  
Your command was ignored.
Type  I <command> <return>  to replace it with another command,
or  <return>  to continue without it.

[1
! Undefined control sequence.
<write> \newlabel{chap:test}{{}{\thepage 
                                         }}
l.8 ^^I\item[外形寸法に関する要求]
                                  
The control sequence at the end of the top line
of your error message was never \def'ed. If you have
misspelled it (e.g., `\hobx'), type `I' and the correct
spelling (e.g., `I\hbox'). Otherwise just continue,
and I'll forget about whatever was undefined.

\newlabel{chap:test}{{}{}}
]

! LaTeX Error: Lonely \item--perhaps a missing list environment.

See the LaTeX manual or LaTeX Companion for explanation.
Type  H <return>  for immediate help.
 ...                                              
                                                  
l.8 ^^I\item[外形寸法に関する要求]
                                  
Try typing  <return>  to proceed.
If that doesn't work, type  X <return>  to quit.


! LaTeX Error: Lonely \item--perhaps a missing list environment.

See the LaTeX manual or LaTeX Companion for explanation.
Type  H <return>  for immediate help.
 ...                                              
                                                  
l.9 ^^I\item[レールに関する要求]
                                
Try typing  <return>  to proceed.
If that doesn't work, type  X <return>  to quit.


! LaTeX Error: Lonely \item--perhaps a missing list environment.

See the LaTeX manual or LaTeX Companion for explanation.
Type  H <return>  for immediate help.
 ...                                              
                                                  
l.10 ^^I\item[]
                4,500円
Try typing  <return>  to proceed.
If that doesn't work, type  X <return>  to quit.


! LaTeX Error: \begin{document} ended by \end{description}.

See the LaTeX manual or LaTeX Companion for explanation.
Type  H <return>  for immediate help.
 ...                                              
                                                  
l.11 \end{description}
                      
Your command was ignored.
Type  I <command> <return>  to replace it with another command,
or  <return>  to continue without it.

) (./04/04_3.tex
! Undefined control sequence.
l.1 \section
            {振動試験（加藤・飯島）}
The control sequence at the end of the top line
of your error message was never \def'ed. If you have
misspelled it (e.g., `\hobx'), type `I' and the correct
spelling (e.g., `I\hbox'). Otherwise just continue,
and I'll forget about whatever was undefined.

) (./04/04_4.tex
! Undefined control sequence.
l.1 \section
            {衝撃試験（大野）}
The control sequence at the end of the top line
of your error message was never \def'ed. If you have
misspelled it (e.g., `\hobx'), type `I' and the correct
spelling (e.g., `I\hbox'). Otherwise just continue,
and I'll forget about whatever was undefined.

) (./04/04_5.tex
! Undefined control sequence.
l.1 \section
            {連続動作試験 EMver（？）}
The control sequence at the end of the top line
of your error message was never \def'ed. If you have
misspelled it (e.g., `\hobx'), type `I' and the correct
spelling (e.g., `I\hbox'). Otherwise just continue,
and I'll forget about whatever was undefined.

) (./04/04_6.tex
! Undefined control sequence.
l.1 \section
            {姿勢制御試験（恒光）}
The control sequence at the end of the top line
of your error message was never \def'ed. If you have
misspelled it (e.g., `\hobx'), type `I' and the correct
spelling (e.g., `I\hbox'). Otherwise just continue,
and I'll forget about whatever was undefined.

) (./04/04_7.tex
! Undefined control sequence.
l.1 \section
            {通信系 機能試験（大本）}
The control sequence at the end of the top line
of your error message was never \def'ed. If you have
misspelled it (e.g., `\hobx'), type `I' and the correct
spelling (e.g., `I\hbox'). Otherwise just continue,
and I'll forget about whatever was undefined.

) (./04/04_8.tex
! Undefined control sequence.
l.1 \section
            {熱真空試験（中村）：ベーキングについても言及}
The control sequence at the end of the top line
of your error message was never \def'ed. If you have
misspelled it (e.g., `\hobx'), type `I' and the correct
spelling (e.g., `I\hbox'). Otherwise just continue,
and I'll forget about whatever was undefined.

) (./04/04_9.tex
! Undefined control sequence.
l.1 \section
            {表面あらさ計測（大野・奥山）}
The control sequence at the end of the top line
of your error message was never \def'ed. If you have
misspelled it (e.g., `\hobx'), type `I' and the correct
spelling (e.g., `I\hbox'). Otherwise just continue,
and I'll forget about whatever was undefined.

) (./04/04_10.tex
! Undefined control sequence.
l.1 \section
            {放出試験（大野・奥山）}
The control sequence at the end of the top line
of your error message was never \def'ed. If you have
misspelled it (e.g., `\hobx'), type `I' and the correct
spelling (e.g., `I\hbox'). Otherwise just continue,
and I'll forget about whatever was undefined.

))
! Emergency stop.
<*> 04.tex
          
*** (job aborted, no legal \end found)

 
Here is how much of TeX's memory you used:
 38 strings out of 493640
 339 string characters out of 6148698
 59622 words of memory out of 5000000
 3705 multiletter control sequences out of 15000+600000
 7511 words of font info for 31 fonts, out of 8000000 for 9000
 929 hyphenation exceptions out of 8191
 19i,4n,11p,288b,121s stack positions out of 5000i,500n,10000p,200000b,80000s
Output written on 04.dvi (1 page, 912 bytes).
