This is e-pTeX, Version 3.14159265-p3.8.1-180901-2.6 (utf8.sjis) (TeX Live 2018/W32TeX) (preloaded format=platex 2018.12.11)  27 DEC 2018 14:14
entering extended mode
 restricted \write18 enabled.
 %&-line parsing enabled.
**06.tex
(./06.tex
pLaTeX2e <2018-12-01> (based on LaTeX2e <2018-12-01>)
! Undefined control sequence.
l.2 \chapter
            {結論}
? 
! Emergency stop.
l.2 \chapter
            {結論}
End of file on the terminal!

 
Here is how much of TeX's memory you used:
 5 strings out of 493224
 24 string characters out of 6146014
 61738 words of memory out of 5000000
 4089 multiletter control sequences out of 15000+600000
 7511 words of font info for 31 fonts, out of 8000000 for 9000
 929 hyphenation exceptions out of 8191
 5i,0n,3p,23b,8s stack positions out of 5000i,500n,10000p,500000b,80000s
No pages of output.
