This is e-upTeX, Version 3.14159265-p3.8.1-u1.23-180901-2.6 (utf8.uptex) (TeX Live 2018/W32TeX) (preloaded format=uplatex 2018.12.11)  2 MAR 2019 18:00
entering extended mode
 restricted \write18 enabled.
 %&-line parsing enabled.
**07.tex
(./07.tex
pLaTeX2e <2018-12-01u02> (based on LaTeX2e <2018-12-01>)
! Undefined control sequence.
l.2 \chapter
            {運用と不具合解析（加藤？）}
The control sequence at the end of the top line
of your error message was never \def'ed. If you have
misspelled it (e.g., `\hobx'), type `I' and the correct
spelling (e.g., `I\hbox'). Otherwise just continue,
and I'll forget about whatever was undefined.


! LaTeX Error: Missing \begin{document}.

See the LaTeX manual or LaTeX Companion for explanation.
Type  H <return>  for immediate help.
 ...                                              
                                                  
l.2 \chapter{運
                用と不具合解析（加藤？）}
You're in trouble here.  Try typing  <return>  to proceed.
If that doesn't work, type  X <return>  to quit.


Overfull \hbox (29.6222pt too wide) in paragraph at lines 2--4
[]\JY2/mc/m/n/10 運
 []


Overfull \hbox (9.6222pt too wide) in paragraph at lines 2--4
\JY2/mc/m/n/10 用
 []


Overfull \hbox (9.6222pt too wide) in paragraph at lines 2--4
\JY2/mc/m/n/10 と
 []


Overfull \hbox (9.6222pt too wide) in paragraph at lines 2--4
\JY2/mc/m/n/10 不
 []


Overfull \hbox (9.6222pt too wide) in paragraph at lines 2--4
\JY2/mc/m/n/10 具
 []


Overfull \hbox (9.6222pt too wide) in paragraph at lines 2--4
\JY2/mc/m/n/10 合
 []


Overfull \hbox (9.6222pt too wide) in paragraph at lines 2--4
\JY2/mc/m/n/10 解
 []


Overfull \hbox (9.6222pt too wide) in paragraph at lines 2--4
\JY2/mc/m/n/10 析
 []


Overfull \hbox (13.93329pt too wide) in paragraph at lines 2--4
\JY2/mc/m/n/10 （ 加
 []


Overfull \hbox (23.05548pt too wide) in paragraph at lines 2--4
\JY2/mc/m/n/10 藤 ？ ）
 []

! Undefined control sequence.
l.5 \section
            {運用（坂本・加藤・井手）}
The control sequence at the end of the top line
of your error message was never \def'ed. If you have
misspelled it (e.g., `\hobx'), type `I' and the correct
spelling (e.g., `I\hbox'). Otherwise just continue,
and I'll forget about whatever was undefined.


! LaTeX Error: Missing \begin{document}.

See the LaTeX manual or LaTeX Companion for explanation.
Type  H <return>  for immediate help.
 ...                                              
                                                  
l.5 \section{運
                用（坂本・加藤・井手）}
You're in trouble here.  Try typing  <return>  to proceed.
If that doesn't work, type  X <return>  to quit.

! Undefined control sequence.
l.6 \section
            {軌道上データ（坂本・井手・岩崎）}
The control sequence at the end of the top line
of your error message was never \def'ed. If you have
misspelled it (e.g., `\hobx'), type `I' and the correct
spelling (e.g., `I\hbox'). Otherwise just continue,
and I'll forget about whatever was undefined.

! Undefined control sequence.
l.7 \section
            {不具合解析（岩崎・大本）}
The control sequence at the end of the top line
of your error message was never \def'ed. If you have
misspelled it (e.g., `\hobx'), type `I' and the correct
spelling (e.g., `I\hbox'). Otherwise just continue,
and I'll forget about whatever was undefined.

)
! Emergency stop.
<*> 07.tex
          
*** (job aborted, no legal \end found)

 
Here is how much of TeX's memory you used:
 4 strings out of 493213
 22 string characters out of 6145913
 62234 words of memory out of 5000000
 4098 multiletter control sequences out of 15000+600000
 6281 words of font info for 32 fonts, out of 8000000 for 9000
 929 hyphenation exceptions out of 8191
 5i,0n,4p,67b,16s stack positions out of 5000i,500n,10000p,500000b,80000s
No pages of output.
