This is pTeXk, Version 3.1415926-p3.1.11 (utf8.sjis) (Web2C 2010/pretest) (format=platex 2010.5.24)  13 FEB 2017 19:27
 restricted \write18 enabled.
 %&-line parsing enabled.
**91_bibliography.tex
(./91_bibliography.tex
pLaTeX2e <2006/11/10>+0 (based on LaTeX2e <2009/09/24> patch level 0)
Babel <v3.8l> and hyphenation patterns for english, usenglishmax, ukenglish, ba
sque, bulgarian, coptic, welsh, czech, slovak, german, ngerman, danish, esperan
to, spanish, catalan, galician, estonian, farsi, finnish, french, irish, greek,
 monogreek, ancientgreek, croatian, hungarian, interlingua, ibycus, bahasa, ice
landic, italian, latin, mongolian, dutch, norsk, polish, portuguese, pinyin, ro
manian, russian, slovenian, samin, uppersorbian, serbian, swedish, turkish, ukr
ainian, dumylang, nohyphenation, loaded.

! LaTeX Error: Environment bib undefined.

See the LaTeX manual or LaTeX Companion for explanation.
Type  H <return>  for immediate help.
 ...                                              
                                                  
l.1 \begin{bib}
               [100]
? 
! Emergency stop.
 ...                                              
                                                  
l.1 \begin{bib}
               [100]
Your command was ignored.
Type  I <command> <return>  to replace it with another command,
or  <return>  to continue without it.

 
Here is how much of TeX's memory you used:
 6 strings out of 494455
 211 string characters out of 3174116
 50488 words of memory out of 1500000
 3457 multiletter control sequences out of 15000+200000
 7511 words of font info for 31 fonts, out of 3000000 for 9000
 678 hyphenation exceptions out of 8191
 5i,0n,4p,42b,17s stack positions out of 3000i,500n,5000p,500000b,5000s
No pages of output.
