<<<<<<< HEAD
This is e-pTeX, Version 3.14159265-p3.8.0-180226-2.6 (utf8.sjis) (TeX Live 2018/W32TeX) (preloaded format=platex 2018.4.2)  12 APR 2019 14:36
entering extended mode
 restricted \write18 enabled.
 %&-line parsing enabled.
**Â†±ÂëäÊõ∏.tex
(./Â†±ÂëäÊõ∏.tex
pLaTeX2e <2018/03/09>+1 (based on LaTeX2e <2017-04-15>)
Babel <3.18> and hyphenation patterns for 84 language(s) loaded.
(c:/w32tex/share/texmf-dist/tex/platex/base/jreport.cls
Document Class: jreport 2018/02/04 v1.7h Standard pLaTeX class
\c@@paper=\count82
(c:/w32tex/share/texmf-dist/tex/platex/base/jsize11.clo
File: jsize11.clo 2018/02/04 v1.7h Standard pLaTeX file (size option)
=======
This is e-upTeX, Version 3.14159265-p3.7.1-u1.22-161114-2.6 (utf8.uptex) (TeX Live 2017/W32TeX) (preloaded format=uplatex 2018.4.9)  26 APR 2019 17:50
entering extended mode
 restricted \write18 enabled.
 %&-line parsing enabled.
**./ïÒçêèë.tex
(./ïÒçêèë.tex
pLaTeX2e <2017/05/05u01> (based on LaTeX2e <2017-04-15>)
Babel <3.10> and hyphenation patterns for 84 language(s) loaded.
(c:/texlive/2017/texmf-dist/tex/uplatex/base/ujreport.cls
Document Class: ujreport 2017/03/05 v1.7e-u00 Standard upLaTeX class
\c@@paper=\count82
(c:/texlive/2017/texmf-dist/tex/uplatex/base/ujsize11.clo
File: ujsize11.clo 2017/03/05 v1.7e-u00 Standard upLaTeX file (size option)
LaTeX Font Info:    Font shape `JT2/mc/m/n' will be
(Font)              scaled to size 10.53629pt on input line 28.
LaTeX Font Info:    Font shape `JY2/mc/m/n' will be
(Font)              scaled to size 10.53629pt on input line 28.
>>>>>>> origin/03_CIB
)
\c@part=\count83
\c@chapter=\count84
\c@section=\count85
\c@subsection=\count86
\c@subsubsection=\count87
\c@paragraph=\count88
\c@subparagraph=\count89
\c@figure=\count90
\c@table=\count91
\abovecaptionskip=\skip41
\belowcaptionskip=\skip42
\symmincho=\mathgroup4
LaTeX Font Info:    Overwriting symbol font `mincho' in version `bold'
<<<<<<< HEAD
(Font)                  JY1/mc/m/n --> JY1/gt/m/n on input line 703.
=======
(Font)                  JY2/mc/m/n --> JY2/gt/m/n on input line 703.
>>>>>>> origin/03_CIB
\toclineskip=\dimen118
\@lnumwidth=\dimen119
\bibindent=\dimen120
\heisei=\count92
)
<<<<<<< HEAD
(c:/w32tex/share/texmf-dist/tex/latex/amsmath/amsmath.sty
Package: amsmath 2017/09/02 v2.17a AMS math features
=======
(c:/texlive/2017/texmf-dist/tex/latex/amsmath/amsmath.sty
Package: amsmath 2016/11/05 v2.16a AMS math features
>>>>>>> origin/03_CIB
\@mathmargin=\skip43

For additional information on amsmath, use the `?' option.
(c:/texlive/2017/texmf-dist/tex/latex/amsmath/amstext.sty
Package: amstext 2000/06/29 v2.01 AMS text

(c:/texlive/2017/texmf-dist/tex/latex/amsmath/amsgen.sty
File: amsgen.sty 1999/11/30 v2.0 generic functions
\@emptytoks=\toks15
\ex@=\dimen121
))
(c:/texlive/2017/texmf-dist/tex/latex/amsmath/amsbsy.sty
Package: amsbsy 1999/11/29 v1.2d Bold Symbols
\pmbraise@=\dimen122
)
(c:/texlive/2017/texmf-dist/tex/latex/amsmath/amsopn.sty
Package: amsopn 2016/03/08 v2.02 operator names
)
\inf@bad=\count93
LaTeX Info: Redefining \frac on input line 213.
\uproot@=\count94
\leftroot@=\count95
LaTeX Info: Redefining \overline on input line 375.
\classnum@=\count96
\DOTSCASE@=\count97
LaTeX Info: Redefining \ldots on input line 472.
LaTeX Info: Redefining \dots on input line 475.
LaTeX Info: Redefining \cdots on input line 596.
\Mathstrutbox@=\box42
\strutbox@=\box43
\big@size=\dimen123
LaTeX Font Info:    Redeclaring font encoding OML on input line 712.
LaTeX Font Info:    Redeclaring font encoding OMS on input line 713.
\macc@depth=\count98
\c@MaxMatrixCols=\count99
\dotsspace@=\muskip10
\c@parentequation=\count100
\dspbrk@lvl=\count101
\tag@help=\toks16
\row@=\count102
\column@=\count103
\maxfields@=\count104
\andhelp@=\toks17
\eqnshift@=\dimen124
\alignsep@=\dimen125
\tagshift@=\dimen126
\tagwidth@=\dimen127
\totwidth@=\dimen128
\lineht@=\dimen129
\@envbody=\toks18
\multlinegap=\skip44
\multlinetaggap=\skip45
\mathdisplay@stack=\toks19
LaTeX Info: Redefining \[ on input line 2817.
LaTeX Info: Redefining \] on input line 2818.
)
(c:/texlive/2017/texmf-dist/tex/latex/amsfonts/amssymb.sty
Package: amssymb 2013/01/14 v3.01 AMS font symbols

(c:/texlive/2017/texmf-dist/tex/latex/amsfonts/amsfonts.sty
Package: amsfonts 2013/01/14 v3.01 Basic AMSFonts support
\symAMSa=\mathgroup5
\symAMSb=\mathgroup6
LaTeX Font Info:    Overwriting math alphabet `\mathfrak' in version `bold'
(Font)                  U/euf/m/n --> U/euf/b/n on input line 106.
))
(c:/texlive/2017/texmf-dist/tex/latex/tools/bm.sty
Package: bm 2017/01/16 v1.2c Bold Symbol Support (DPC/FMi)
\symboldoperators=\mathgroup7
\symboldletters=\mathgroup8
\symboldsymbols=\mathgroup9
\symboldmincho=\mathgroup10
LaTeX Font Info:    Redeclaring math alphabet \mathbf on input line 141.
LaTeX Info: Redefining \bm on input line 207.
)
(c:/texlive/2017/texmf-dist/tex/platex/base/ascmac.sty
Package: ascmac 2016/08/21 v2.0c ascmac wrapper (community edition) 

(c:/texlive/2017/texmf-dist/tex/platex/base/tascmac.sty
Package: tascmac 2016/08/21 v2.0c ascmac package (community edition) 
\@savetbaselineshift=\dimen130
\@saveybaselineshift=\dimen131
\scb@x=\box44
\scscb@x=\box45
\@bw=\dimen132
\@nbox=\box46
\@nbody=\box47
\@scw=\dimen133
<<<<<<< HEAD
\ascmac@hoboxa=\box48
\ascmac@hoboxb=\box49
\@itemh=\dimen134
\@iboxpos=\toks20
\@iboxstr=\box50
\@bwsp=\box51
\@@bwsp=\box52
=======
\@itemh=\dimen134
\@iboxpos=\toks20
\@iboxstr=\box48
\@bwsp=\box49
\@@bwsp=\box50
>>>>>>> origin/03_CIB
\@bcal=\count105
\shaderule=\dimen135
))
(c:/texlive/2017/texmf-dist/tex/latex/graphics/graphicx.sty
Package: graphicx 2014/10/28 v1.0g Enhanced LaTeX Graphics (DPC,SPQR)

(c:/texlive/2017/texmf-dist/tex/latex/graphics/keyval.sty
Package: keyval 2014/10/28 v1.15 key=value parser (DPC)
\KV@toks@=\toks21
)
(c:/texlive/2017/texmf-dist/tex/latex/graphics/graphics.sty
Package: graphics 2017/04/14 v1.1b Standard LaTeX Graphics (DPC,SPQR)

(c:/texlive/2017/texmf-dist/tex/latex/graphics/trig.sty
Package: trig 2016/01/03 v1.10 sin cos tan (DPC)
)
(c:/texlive/2017/texmf-dist/tex/latex/graphics-cfg/graphics.cfg
File: graphics.cfg 2016/06/04 v1.11 sample graphics configuration
)
Package graphics Info: Driver file: dvipdfmx.def on input line 99.

(c:/texlive/2017/texmf-dist/tex/latex/graphics-def/dvipdfmx.def
File: dvipdfmx.def 2016/07/11 v4.12 LaTeX color/graphics driver for dvipdfmx (L
3/ChoF)
))
\Gin@req@height=\dimen136
\Gin@req@width=\dimen137
)
<<<<<<< HEAD
(c:/w32tex/share/texmf-dist/tex/latex/multirow/multirow.sty
=======
(c:/texlive/2017/texmf-dist/tex/latex/multirow/multirow.sty
>>>>>>> origin/03_CIB
Package: multirow 2016/11/25 v2.2 Span multiple rows of a table
\multirow@colwidth=\skip46
\multirow@cntb=\count106
\multirow@dima=\skip47
\bigstrutjot=\dimen138
) (./ylab_thesis.sty) (c:/texlive/2017/texmf-dist/tex/latex/fancyhdr/fancyhdr.s
ty
Package: fancyhdr 2016/09/06 3.8 Extensive control of page headers and footers
\fancy@headwidth=\skip48
\f@ncyO@elh=\skip49
\f@ncyO@erh=\skip50
\f@ncyO@olh=\skip51
\f@ncyO@orh=\skip52
\f@ncyO@elf=\skip53
\f@ncyO@erf=\skip54
\f@ncyO@olf=\skip55
\f@ncyO@orf=\skip56
)
(c:/texlive/2017/texmf-dist/tex/latex/here/here.sty)
(c:/texlive/2017/texmf-dist/tex/latex/float/float.sty
Package: float 2001/11/08 v1.3d Float enhancements (AL)
\c@float@type=\count107
\float@exts=\toks22
<<<<<<< HEAD
\float@box=\box53
\@float@everytoks=\toks23
\@floatcapt=\box54
=======
\float@box=\box51
\@float@everytoks=\toks23
\@floatcapt=\box52
>>>>>>> origin/03_CIB
)
(c:/texlive/2017/texmf-dist/tex/latex/url/url.sty
\Urlmuskip=\muskip11
Package: url 2013/09/16  ver 3.4  Verb mode for urls, etc.
)
<<<<<<< HEAD
(c:/w32tex/share/texmf-dist/tex/latex/geometry/geometry.sty
Package: geometry 2018/03/24 v5.7 Page Geometry

(c:/w32tex/share/texmf-dist/tex/generic/oberdiek/ifpdf.sty
=======
(c:/texlive/2017/texmf-dist/tex/latex/geometry/geometry.sty
Package: geometry 2010/09/12 v5.6 Page Geometry

(c:/texlive/2017/texmf-dist/tex/generic/oberdiek/ifpdf.sty
>>>>>>> origin/03_CIB
Package: ifpdf 2017/03/15 v3.2 Provides the ifpdf switch
)
(c:/texlive/2017/texmf-dist/tex/generic/oberdiek/ifvtex.sty
Package: ifvtex 2016/05/16 v1.6 Detect VTeX and its facilities (HO)
Package ifvtex Info: VTeX not detected.
)
(c:/texlive/2017/texmf-dist/tex/generic/ifxetex/ifxetex.sty
Package: ifxetex 2010/09/12 v0.6 Provides ifxetex conditional
)
\Gm@cnth=\count108
\Gm@cntv=\count109
\c@Gm@tempcnt=\count110
\Gm@bindingoffset=\dimen139
\Gm@wd@mp=\dimen140
\Gm@odd@mp=\dimen141
\Gm@even@mp=\dimen142
\Gm@layoutwidth=\dimen143
\Gm@layoutheight=\dimen144
\Gm@layouthoffset=\dimen145
\Gm@layoutvoffset=\dimen146
\Gm@dimlist=\toks24
<<<<<<< HEAD

(c:/w32tex/share/texmf-dist/tex/latex/geometry/geometry.cfg)) (./Â†±ÂëäÊõ∏.aux
(./title.aux) (./01.aux) (./02.aux) (./03.aux) (./04.aux

LaTeX Warning: Label `fig4-3-1' multiply defined.


LaTeX Warning: Label `fig4-3-1' multiply defined.


LaTeX Warning: Label `fig4-3-1' multiply defined.


LaTeX Warning: Label `fig4-3-1' multiply defined.


LaTeX Warning: Label `fig4-3-1' multiply defined.

) (./05.aux) (./06.aux) (./07.aux) (./08.aux) (./09.aux) (./10.aux) (./11.aux)
(./12.aux) (./13.aux) (./91_bibliography.aux) (./92_appendix.aux)
(./90_acknowledgment.aux))
\openout1 = `Â†±ÂëäÊõ∏.aux'.

LaTeX Font Info:    Checking defaults for OML/cmm/m/it on input line 26.
LaTeX Font Info:    ... okay on input line 26.
LaTeX Font Info:    Checking defaults for T1/cmr/m/n on input line 26.
LaTeX Font Info:    ... okay on input line 26.
LaTeX Font Info:    Checking defaults for OT1/cmr/m/n on input line 26.
LaTeX Font Info:    ... okay on input line 26.
LaTeX Font Info:    Checking defaults for OMS/cmsy/m/n on input line 26.
LaTeX Font Info:    ... okay on input line 26.
LaTeX Font Info:    Checking defaults for OMX/cmex/m/n on input line 26.
LaTeX Font Info:    ... okay on input line 26.
LaTeX Font Info:    Checking defaults for U/cmr/m/n on input line 26.
LaTeX Font Info:    ... okay on input line 26.
LaTeX Font Info:    Checking defaults for JY1/mc/m/n on input line 26.
LaTeX Font Info:    ... okay on input line 26.
LaTeX Font Info:    Checking defaults for JT1/mc/m/n on input line 26.
LaTeX Font Info:    ... okay on input line 26.
=======
) (./ïÒçêèë.aux
(./title.aux) (./01.aux) (./02.aux) (./03.aux) (./04.aux) (./05.aux) (./06.aux)
(./07.aux) (./08.aux) (./09.aux) (./10.aux) (./11.aux) (./12.aux) (./13.aux)
(./91_bibliography.aux) (./92_appendix.aux) (./90_acknowledgment.aux))
\openout1 = `ïÒçêèë.aux'.

LaTeX Font Info:    Checking defaults for OML/cmm/m/it on input line 25.
LaTeX Font Info:    ... okay on input line 25.
LaTeX Font Info:    Checking defaults for T1/cmr/m/n on input line 25.
LaTeX Font Info:    ... okay on input line 25.
LaTeX Font Info:    Checking defaults for OT1/cmr/m/n on input line 25.
LaTeX Font Info:    ... okay on input line 25.
LaTeX Font Info:    Checking defaults for OMS/cmsy/m/n on input line 25.
LaTeX Font Info:    ... okay on input line 25.
LaTeX Font Info:    Checking defaults for OMX/cmex/m/n on input line 25.
LaTeX Font Info:    ... okay on input line 25.
LaTeX Font Info:    Checking defaults for U/cmr/m/n on input line 25.
LaTeX Font Info:    ... okay on input line 25.
LaTeX Font Info:    Checking defaults for JY2/mc/m/n on input line 25.
LaTeX Font Info:    ... okay on input line 25.
LaTeX Font Info:    Checking defaults for JT2/mc/m/n on input line 25.
LaTeX Font Info:    ... okay on input line 25.
>>>>>>> origin/03_CIB

*geometry* driver: auto-detecting
*geometry* detected driver: dvips
*geometry* verbose mode - [ preamble ] result:
* driver: dvips
* paper: <default>
* layout: <same size as paper>
* layoutoffset:(h,v)=(0.0pt,0.0pt)
* modes: 
* h-part:(L,W,R)=(85.35826pt, 426.79135pt, 85.35826pt)
* v-part:(T,H,B)=(85.35826pt, 674.33032pt, 85.35826pt)
* \paperwidth=597.50787pt
* \paperheight=845.04684pt
* \textwidth=426.79135pt
* \textheight=674.33032pt
* \oddsidemargin=13.08827pt
* \evensidemargin=13.08827pt
* \topmargin=-23.91173pt
* \headheight=12.0pt
* \headsep=25.0pt
* \topskip=8.51457pt
* \footskip=51.21495pt
* \marginparwidth=98.0pt
* \marginparsep=10.0pt
* \columnsep=10.0pt
* \skip\footins=10.0pt plus 4.0pt minus 2.0pt
* \hoffset=0.0pt
* \voffset=0.0pt
* \mag=1000
* \@twocolumnfalse
* \@twosidefalse
* \@mparswitchfalse
* \@reversemarginfalse
* (1in=72.27pt=25.4mm, 1cm=28.453pt)

\openout2 = `title.aux'.

(./title.tex
LaTeX Font Info:    Font shape `JT1/mc/bx/n' in size <20.74> not available
(Font)              Font shape `JT1/gt/m/n' tried instead on input line 9.
LaTeX Font Info:    Font shape `JY1/mc/bx/n' in size <20.74> not available
(Font)              Font shape `JY1/gt/m/n' tried instead on input line 9.
LaTeX Font Info:    Try loading font information for U+msa on input line 19.
 (c:/texlive/2017/texmf-dist/tex/latex/amsfonts/umsa.fd
File: umsa.fd 2013/01/14 v3.01 AMS symbols A
)
LaTeX Font Info:    Try loading font information for U+msb on input line 19.

(c:/texlive/2017/texmf-dist/tex/latex/amsfonts/umsb.fd
File: umsb.fd 2013/01/14 v3.01 AMS symbols B
) [1


]) [1

]
LaTeX Font Info:    Font shape `JT1/mc/bx/n' in size <14.4> not available
(Font)              Font shape `JT1/gt/m/n' tried instead on input line 40.
LaTeX Font Info:    Font shape `JY1/mc/bx/n' in size <14.4> not available
(Font)              Font shape `JY1/gt/m/n' tried instead on input line 40.
 (./Â†±ÂëäÊõ∏.toc
LaTeX Font Info:    Font shape `JT1/mc/bx/n' in size <10.95> not available
(Font)              Font shape `JT1/gt/m/n' tried instead on input line 1.
LaTeX Font Info:    Font shape `JY1/mc/bx/n' in size <10.95> not available
(Font)              Font shape `JY1/gt/m/n' tried instead on input line 1.

[2] [3])
\tf@toc=\write3
\openout3 = `Â†±ÂëäÊõ∏.toc'.

 [4]
\openout2 = `01.aux'.

 (./01.tex
Á¨¨ 1 Á´†
(./01/01_1.tex)) [1


]
\openout2 = `02.aux'.

 (./02.tex
Á¨¨ 2 Á´†
(./02/02_1.tex) (./02/02_2.tex) (./02/02_3.tex)) [2



]
\openout2 = `03.aux'.

 (./03.tex
Á¨¨ 3 Á´†
<<<<<<< HEAD
(./03/03_1.tex) (./03/03_2.tex) (./03/03_3.tex) (./03/03_4.tex) (./03/03_5.tex)
(./03/03_6.tex) (./03/03_7.tex) (./03/03_8.tex) (./03/03_9_1.tex
LaTeX Font Info:    Font shape `JT1/mc/bx/n' in size <12> not available
(Font)              Font shape `JT1/gt/m/n' tried instead on input line 2.
LaTeX Font Info:    Font shape `JY1/mc/bx/n' in size <12> not available
(Font)              Font shape `JY1/gt/m/n' tried instead on input line 2.
)
(./03/03_9_2_1.tex) (./03/03_9_2_2.tex) (./03/03_9_2_3.tex) (./03/03_9_3_1.tex)
(./03/03_9_3_2.tex) (./03/03_9_3_3.tex) (./03/03_9_3_4.tex) (./03/03_9_3_5.tex)
) [3
=======
(./03/03_1.tex) (./03/03_2.tex) (./03/03_3.tex) (./03/03_4.tex
(./03/03_4_CIB.tex
LaTeX Font Info:    Font shape `JT2/mc/m/n' will be
(Font)              scaled to size 11.54663pt on input line 3.
LaTeX Font Info:    Font shape `JY2/mc/m/n' will be
(Font)              scaled to size 11.54663pt on input line 3.
LaTeX Font Info:    Font shape `JT2/mc/bx/n' in size <12> not available
(Font)              Font shape `JT2/gt/m/n' tried instead on input line 3.
LaTeX Font Info:    Font shape `JT2/gt/m/n' will be
(Font)              scaled to size 11.54663pt on input line 3.
LaTeX Font Info:    Font shape `JY2/mc/bx/n' in size <12> not available
(Font)              Font shape `JY2/gt/m/n' tried instead on input line 3.
LaTeX Font Info:    Font shape `JY2/gt/m/n' will be
(Font)              scaled to size 11.54663pt on input line 3.
 [3
>>>>>>> origin/03_CIB



]
File: 03/fig/3-4-2-1.png Graphic file (type bmp)
 <03/fig/3-4-2-1.png>

LaTeX Font Warning: Font shape `JT2/mc/m/sl' undefined
(Font)              using `JT2/mc/m/n' instead on input line 37.


LaTeX Font Warning: Font shape `JY2/mc/m/sl' undefined
(Font)              using `JY2/mc/m/n' instead on input line 37.

[4]
Overfull \vbox (51.05112pt too high) has occurred while \output is active []

LaTeX Font Info:    Font shape `JT2/mc/m/sl' will be
(Font)              scaled to size 10.53629pt on input line 37.
LaTeX Font Info:    Font shape `JY2/mc/m/sl' will be
(Font)              scaled to size 10.53629pt on input line 37.

[5]
File: 03/fig/3-4-2-2.jpg Graphic file (type bmp)
 <03/fig/3-4-2-2.jpg>
Overfull \hbox (1.41275pt too wide) in paragraph at lines 51--52
 [][] 
 []

File: 03/fig/3-4-2-3.jpg Graphic file (type bmp)
<03/fig/3-4-2-3.jpg>
Overfull \hbox (34.83012pt too wide) in paragraph at lines 59--60
 [][] 
 []

[6] [7]
Overfull \vbox (28.15393pt too high) has occurred while \output is active []


[8]
File: 03/fig/3-4-2-4.png Graphic file (type bmp)
 <03/fig/3-4-2-4.png>
File: 03/fig/3-4-2-5.png Graphic file (type bmp)
 <03/fig/3-4-2-5.png>
Overfull \hbox (41.7639pt too wide) in paragraph at lines 78--79
 [][] 
 []

[9] [10] [11])) (./03/03_5.tex) (./03/03_6.tex) (./03/03_7.tex) (./03/03_8.tex)
(./03/03_9_1.tex) (./03/03_9_2_1.tex) (./03/03_9_2_2.tex) (./03/03_9_2_3.tex)
(./03/03_9_3_1.tex) (./03/03_9_3_2.tex) (./03/03_9_3_3.tex) (./03/03_9_3_4.tex)
(./03/03_9_3_5.tex)) [12]
\openout2 = `04.aux'.

 (./04.tex
Á¨¨ 4 Á´†
<<<<<<< HEAD
(./04/04_1.tex) (./04/04_2.tex) (./04/04_3.tex

LaTeX Warning: Citation `vibration_test_handbook' on page 4 undefined on input 
line 3.


LaTeX Warning: Citation `EM_vibration_test_manual' on page 4 undefined on input
 line 3.


LaTeX Warning: Citation `EM_vibration_test_report' on page 4 undefined on input
 line 3.


LaTeX Warning: Citation `EM_vibration_test_plan' on page 4 undefined on input l
ine 3.


LaTeX Warning: Citation `FM_vibration_test_manual' on page 4 undefined on input
 line 3.


LaTeX Warning: Citation `FM_vibration_test_report' on page 4 undefined on input
 line 3.


LaTeX Warning: Citation `FM_vibration_test_plan' on page 4 undefined on input l
ine 3.


LaTeX Warning: Citation `re_FM_vibration_test_manual' on page 4 undefined on in
put line 3.


LaTeX Warning: Citation `re_FM_vibration_test_report' on page 4 undefined on in
put line 3.


LaTeX Warning: Citation `re_FM_vibration_test_plan' on page 4 undefined on inpu
t line 3.

[4
=======
(./04/04_1.tex) (./04/04_2.tex) (./04/04_3.tex) (./04/04_4.tex) (./04/04_5.tex)
(./04/04_6.tex) (./04/04_7.tex) (./04/04_8.tex) (./04/04_9.tex) (./04/04_10.tex
)) [13
>>>>>>> origin/03_CIB



]
File: 04/fig/4-3-1.pdf Graphic file (type pdf)
<04/fig/4-3-1.pdf>


LaTeX Warning: Citation `vibration_test_handbook' on page 5 undefined on input 
line 32.


LaTeX Font Warning: Font shape `JT1/mc/m/sl' undefined
(Font)              using `JT1/mc/m/n' instead on input line 38.


LaTeX Font Warning: Font shape `JY1/mc/m/sl' undefined
(Font)              using `JY1/mc/m/n' instead on input line 38.

[5]

LaTeX Warning: Citation `vibration_test_handbook' on page 6 undefined on input 
line 49.

File: 04/fig/t4-3-2.pdf Graphic file (type pdf)
<04/fig/t4-3-2.pdf>
File: 04/fig/4-3-3.pdf Graphic file (type pdf)
<04/fig/4-3-3.pdf>

LaTeX Warning: Citation `FM_vibration_test_report' on page 6 undefined on input
 line 68.

[6]
File: 04/fig/4-3-4.pdf Graphic file (type pdf)
<04/fig/4-3-4.pdf>


LaTeX Warning: Citation `FM_vibration_test_report' on page 7 undefined on input
 line 82.

[7]
File: 04/fig/4-3-5.pdf Graphic file (type pdf)
<04/fig/4-3-5.pdf>


LaTeX Warning: Citation `FM_vibration_test_report' on page 8 undefined on input
 line 98.

[8]
File: 04/fig/4-3-6.pdf Graphic file (type pdf)
<04/fig/4-3-6.pdf>


LaTeX Warning: Citation `FM_vibration_test_report' on page 9 undefined on input
 line 113.

[9]

LaTeX Warning: Citation `FM_vibration_test_plan' on page 10 undefined on input 
line 137.

[10]
File: 04/fig/4-3-7.pdf Graphic file (type pdf)
<04/fig/4-3-7.pdf>

Overfull \hbox (9.18045pt too wide) in paragraph at lines 191--198
[]\OT1/cmr/bx/n/10.95 POD \JY1/gt/m/n/10.95 „ÅÆÊåøÂÖ•ÊñπÂêë„ÇíÂ§âÊõ¥ Ôºö \OT1/cmr/m/n/10
.95 POD \JY1/mc/m/sl/10.95 ÂÜÖÊåøÂÖ•Âè£‰ªòËøë„Å´‰∏ÄÈÉ®„Å´„É¨ „Éº„É´„Åå„Å™„ÅÑÈÉ®ÂàÜ„Åå„ÅÇ „Å£ „Åü Ôºé \
OT1/cmr/m/n/10.95 OrigamiSat-
 []

[11]) (./04/04_4.tex [12]) (./04/04_5.tex) (./04/04_6.tex) (./04/04_7.tex)
(./04/04_8.tex) (./04/04_9.tex) (./04/04_10.tex)) [13]
\openout2 = `05.aux'.

 (./05.tex
Á¨¨ 5 Á´†
(./05/05_1.tex) (./05/05_2.tex) (./05/05_3.tex)) [14



]
\openout2 = `06.aux'.

 (./06.tex
Á¨¨ 6 Á´†
(./06/06_1.tex) (./06/06_2.tex)) [15



]
\openout2 = `07.aux'.

 (./07.tex
Á¨¨ 7 Á´†
(./07/07_1.tex) (./07/07_2.tex) (./07/07_3.tex)) [16



]
\openout2 = `08.aux'.

 (./08.tex
Á¨¨ 8 Á´†
(./08/08_1.tex)) [17



]
\openout2 = `09.aux'.

 (./09.tex
Á¨¨ 9 Á´†
(./09/09_1.tex)) [18



]
\openout2 = `10.aux'.

 (./10.tex
Á¨¨ 10 Á´†
(./10/10_1.tex)) [19



]
\openout2 = `11.aux'.

 (./11.tex
Á¨¨ 11 Á´†
(./11/11_1.tex)) [20



]
\openout2 = `12.aux'.

 (./12.tex
Á¨¨ 12 Á´†
(./12/12_1.tex) (./12/12_2.tex)) [21



]
\openout2 = `13.aux'.

 (./13.tex
Á¨¨ 13 Á´†
(./13/13_1.tex) (./13/13_2.tex) (./13/13_3.tex) (./13/13_4.tex) (./13/13_5.tex)
(./13/13_6.tex) (./13/13_7.tex) (./13/13_8.tex) (./13/13_9.tex) (./13/13_10.tex
) (./13/13_11.tex) (./13/13_12.tex) (./13/13_13.tex) (./13/13_14.tex)
(./13/13_15.tex) (./13/13_16.tex)) [22



]
\openout2 = `91_bibliography.aux'.

 (./91_bibliography.tex

LaTeX Warning: Empty `thebibliography' environment on input line 27.

) [23



]
\openout2 = `92_appendix.aux'.

 (./92_appendix.tex)
\openout2 = `90_acknowledgment.aux'.

 (./90_acknowledgment.tex) [24





] (./Â†±ÂëäÊõ∏.aux
(./title.aux) (./01.aux) (./02.aux) (./03.aux) (./04.aux) (./05.aux) (./06.aux)
(./07.aux) (./08.aux) (./09.aux) (./10.aux) (./11.aux) (./12.aux) (./13.aux)
(./91_bibliography.aux) (./92_appendix.aux) (./90_acknowledgment.aux))

LaTeX Font Warning: Some font shapes were not available, defaults substituted.

<<<<<<< HEAD

LaTeX Warning: There were undefined references.


LaTeX Warning: There were multiply-defined labels.

 ) 
Here is how much of TeX's memory you used:
 3065 strings out of 493611
 36896 string characters out of 6149885
 114849 words of memory out of 5000000
 6302 multiletter control sequences out of 15000+600000
 25823 words of font info for 100 fonts, out of 8000000 for 9000
 929 hyphenation exceptions out of 8191
 31i,10n,43p,676b,326s stack positions out of 5000i,500n,10000p,500000b,80000s

Output written on Â†±ÂëäÊõ∏.dvi (29 pages, 46752 bytes).
=======
 ) 
Here is how much of TeX's memory you used:
 3024 strings out of 493649
 36106 string characters out of 6151997
 114007 words of memory out of 5000000
 6245 multiletter control sequences out of 15000+600000
 22719 words of font info for 100 fonts, out of 8000000 for 9000
 929 hyphenation exceptions out of 8191
 37i,11n,43p,964b,336s stack positions out of 5000i,500n,10000p,200000b,80000s

Output written on ïÒçêèë.dvi (28 pages, 42644 bytes).
>>>>>>> origin/03_CIB
