This is pdfTeX, Version 3.14159265-2.6-1.40.19 (TeX Live 2018/W32TeX) (preloaded format=pdflatex 2018.10.29)  23 APR 2019 15:51
entering extended mode
 restricted \write18 enabled.
 %&-line parsing enabled.
**03_1.tex
(./03_1.tex
LaTeX2e <2018-04-01> patch level 5
! Undefined control sequence.
l.1 \section
            {é›»æºç³» (æ¦‚è¦/EPS/ã‚¤ãƒ³ãƒ’ãƒ’ã‚™ãƒƒãƒˆè¨­è¨ˆ(äºŒé‡çµ¶ç¸)...
The control sequence at the end of the top line
of your error message was never \def'ed. If you have
misspelled it (e.g., `\hobx'), type `I' and the correct
spelling (e.g., `I\hbox'). Otherwise just continue,
and I'll forget about whatever was undefined.


! Package inputenc Error: Unicode character é›» (U+96FB)
(inputenc)                not set up for use with LaTeX.

See the inputenc package documentation for explanation.
Type  H <return>  for immediate help.
 ...                                              
                                                  
l.1 \section{é›»
                æºç³» (æ¦‚è¦/EPS/ã‚¤ãƒ³ãƒ’ãƒ’ã‚™ãƒƒãƒˆè¨­è¨ˆ(äºŒé‡çµ¶ç¸)...

You may provide a definition with
\DeclareUnicodeCharacter 


! Package inputenc Error: Unicode character æº (U+6E90)
(inputenc)                not set up for use with LaTeX.

See the inputenc package documentation for explanation.
Type  H <return>  for immediate help.
 ...                                              
                                                  
l.1 \section{é›»æº
                   ç³» (æ¦‚è¦/EPS/ã‚¤ãƒ³ãƒ’ãƒ’ã‚™ãƒƒãƒˆè¨­è¨ˆ(äºŒé‡çµ¶ç¸)...

You may provide a definition with
\DeclareUnicodeCharacter 


! Package inputenc Error: Unicode character ç³» (U+7CFB)
(inputenc)                not set up for use with LaTeX.

See the inputenc package documentation for explanation.
Type  H <return>  for immediate help.
 ...                                              
                                                  
l.1 \section{é›»æºç³»
                       (æ¦‚è¦/EPS/ã‚¤ãƒ³ãƒ’ãƒ’ã‚™ãƒƒãƒˆè¨­è¨ˆ(äºŒé‡çµ¶ç¸)...

You may provide a definition with
\DeclareUnicodeCharacter 


! LaTeX Error: Missing \begin{document}.

See the LaTeX manual or LaTeX Companion for explanation.
Type  H <return>  for immediate help.
 ...                                              
                                                  
l.1 \section{é›»æºç³» (
                        æ¦‚è¦/EPS/ã‚¤ãƒ³ãƒ’ãƒ’ã‚™ãƒƒãƒˆè¨­è¨ˆ(äºŒé‡çµ¶ç¸)...

You're in trouble here.  Try typing  <return>  to proceed.
If that doesn't work, type  X <return>  to quit.

Missing character: There is no ( in font nullfont!

! Package inputenc Error: Unicode character æ¦‚ (U+6982)
(inputenc)                not set up for use with LaTeX.

See the inputenc package documentation for explanation.
Type  H <return>  for immediate help.
 ...                                              
                                                  
l.1 \section{é›»æºç³» (æ¦‚
                           è¦/EPS/ã‚¤ãƒ³ãƒ’ãƒ’ã‚™ãƒƒãƒˆè¨­è¨ˆ(äºŒé‡çµ¶ç¸)...

You may provide a definition with
\DeclareUnicodeCharacter 


! Package inputenc Error: Unicode character è¦ (U+8981)
(inputenc)                not set up for use with LaTeX.

See the inputenc package documentation for explanation.
Type  H <return>  for immediate help.
 ...                                              
                                                  
l.1 \section{é›»æºç³» (æ¦‚è¦
                              /EPS/ã‚¤ãƒ³ãƒ’ãƒ’ã‚™ãƒƒãƒˆè¨­è¨ˆ(äºŒé‡çµ¶ç¸)...

You may provide a definition with
\DeclareUnicodeCharacter 

Missing character: There is no / in font nullfont!
Missing character: There is no E in font nullfont!
Missing character: There is no P in font nullfont!
Missing character: There is no S in font nullfont!
Missing character: There is no / in font nullfont!

! Package inputenc Error: Unicode character ã‚¤ (U+30A4)
(inputenc)                not set up for use with LaTeX.

See the inputenc package documentation for explanation.
Type  H <return>  for immediate help.
 ...                                              
                                                  
l.1 \section{é›»æºç³» (æ¦‚è¦/EPS/ã‚¤
                                      ãƒ³ãƒ’ãƒ’ã‚™ãƒƒãƒˆè¨­è¨ˆ(äºŒé‡çµ¶ç¸)...

You may provide a definition with
\DeclareUnicodeCharacter 


! Package inputenc Error: Unicode character ãƒ³ (U+30F3)
(inputenc)                not set up for use with LaTeX.

See the inputenc package documentation for explanation.
Type  H <return>  for immediate help.
 ...                                              
                                                  
l.1 \section{é›»æºç³» (æ¦‚è¦/EPS/ã‚¤ãƒ³
                                         ãƒ’ãƒ’ã‚™ãƒƒãƒˆè¨­è¨ˆ(äºŒé‡çµ¶ç¸)...

You may provide a definition with
\DeclareUnicodeCharacter 


! Package inputenc Error: Unicode character ãƒ’ (U+30D2)
(inputenc)                not set up for use with LaTeX.

See the inputenc package documentation for explanation.
Type  H <return>  for immediate help.
 ...                                              
                                                  
l.1 \section{é›»æºç³» (æ¦‚è¦/EPS/ã‚¤ãƒ³ãƒ’
                                            ãƒ’ã‚™ãƒƒãƒˆè¨­è¨ˆ(äºŒé‡çµ¶ç¸)...

You may provide a definition with
\DeclareUnicodeCharacter 


! Package inputenc Error: Unicode character ãƒ’ (U+30D2)
(inputenc)                not set up for use with LaTeX.

See the inputenc package documentation for explanation.
Type  H <return>  for immediate help.
 ...                                              
                                                  
l.1 \section{é›»æºç³» (æ¦‚è¦/EPS/ã‚¤ãƒ³ãƒ’ãƒ’
                                               ã‚™ãƒƒãƒˆè¨­è¨ˆ(äºŒé‡çµ¶ç¸)...

You may provide a definition with
\DeclareUnicodeCharacter 


! Package inputenc Error: Unicode character ã‚™ (U+3099)
(inputenc)                not set up for use with LaTeX.

See the inputenc package documentation for explanation.
Type  H <return>  for immediate help.
 ...                                              
                                                  
l.1 \section{é›»æºç³» (æ¦‚è¦/EPS/ã‚¤ãƒ³ãƒ’ãƒ’ã‚™
                                                  ãƒƒãƒˆè¨­è¨ˆ(äºŒé‡çµ¶ç¸)...

You may provide a definition with
\DeclareUnicodeCharacter 


! Package inputenc Error: Unicode character ãƒƒ (U+30C3)
(inputenc)                not set up for use with LaTeX.

See the inputenc package documentation for explanation.
Type  H <return>  for immediate help.
 ...                                              
                                                  
l.1 ...on{é›»æºç³» (æ¦‚è¦/EPS/ã‚¤ãƒ³ãƒ’ãƒ’ã‚™ãƒƒ
                                                  ãƒˆè¨­è¨ˆ(äºŒé‡çµ¶ç¸)/é›...

You may provide a definition with
\DeclareUnicodeCharacter 


! Package inputenc Error: Unicode character ãƒˆ (U+30C8)
(inputenc)                not set up for use with LaTeX.

See the inputenc package documentation for explanation.
Type  H <return>  for immediate help.
 ...                                              
                                                  
l.1 ...é›»æºç³» (æ¦‚è¦/EPS/ã‚¤ãƒ³ãƒ’ãƒ’ã‚™ãƒƒãƒˆ
                                                  è¨­è¨ˆ(äºŒé‡çµ¶ç¸)/é›»æº...

You may provide a definition with
\DeclareUnicodeCharacter 


! Package inputenc Error: Unicode character è¨­ (U+8A2D)
(inputenc)                not set up for use with LaTeX.

See the inputenc package documentation for explanation.
Type  H <return>  for immediate help.
 ...                                              
                                                  
l.1 ...æºç³» (æ¦‚è¦/EPS/ã‚¤ãƒ³ãƒ’ãƒ’ã‚™ãƒƒãƒˆè¨­
                                                  è¨ˆ(äºŒé‡çµ¶ç¸)/é›»æºç³...

You may provide a definition with
\DeclareUnicodeCharacter 


! Package inputenc Error: Unicode character è¨ˆ (U+8A08)
(inputenc)                not set up for use with LaTeX.

See the inputenc package documentation for explanation.
Type  H <return>  for immediate help.
 ...                                              
                                                  
l.1 ...ç³» (æ¦‚è¦/EPS/ã‚¤ãƒ³ãƒ’ãƒ’ã‚™ãƒƒãƒˆè¨­è¨ˆ
                                                  (äºŒé‡çµ¶ç¸)/é›»æºç³»çµ...

You may provide a definition with
\DeclareUnicodeCharacter 

Missing character: There is no ( in font nullfont!

! Package inputenc Error: Unicode character äºŒ (U+4E8C)
(inputenc)                not set up for use with LaTeX.

See the inputenc package documentation for explanation.
Type  H <return>  for immediate help.
 ...                                              
                                                  
l.1 ...(æ¦‚è¦/EPS/ã‚¤ãƒ³ãƒ’ãƒ’ã‚™ãƒƒãƒˆè¨­è¨ˆ(äºŒ
                                                  é‡çµ¶ç¸)/é›»æºç³»çµ±å›³...

You may provide a definition with
\DeclareUnicodeCharacter 


! Package inputenc Error: Unicode character é‡ (U+91CD)
(inputenc)                not set up for use with LaTeX.

See the inputenc package documentation for explanation.
Type  H <return>  for immediate help.
 ...                                              
                                                  
l.1 ...‚è¦/EPS/ã‚¤ãƒ³ãƒ’ãƒ’ã‚™ãƒƒãƒˆè¨­è¨ˆ(äºŒé‡
                                                  çµ¶ç¸)/é›»æºç³»çµ±å›³/é›...

You may provide a definition with
\DeclareUnicodeCharacter 


! Package inputenc Error: Unicode character çµ¶ (U+7D76)
(inputenc)                not set up for use with LaTeX.

See the inputenc package documentation for explanation.
Type  H <return>  for immediate help.
 ...                                              
                                                  
l.1 .../EPS/ã‚¤ãƒ³ãƒ’ãƒ’ã‚™ãƒƒãƒˆè¨­è¨ˆ(äºŒé‡çµ¶
                                                  ç¸)/é›»æºç³»çµ±å›³/é›»æ±...

You may provide a definition with
\DeclareUnicodeCharacter 


! Package inputenc Error: Unicode character ç¸ (U+7E01)
(inputenc)                not set up for use with LaTeX.

See the inputenc package documentation for explanation.
Type  H <return>  for immediate help.
 ...                                              
                                                  
l.1 ...PS/ã‚¤ãƒ³ãƒ’ãƒ’ã‚™ãƒƒãƒˆè¨­è¨ˆ(äºŒé‡çµ¶ç¸
                                                  )/é›»æºç³»çµ±å›³/é›»æ± /S...

You may provide a definition with
\DeclareUnicodeCharacter 

Missing character: There is no ) in font nullfont!
Missing character: There is no / in font nullfont!

! Package inputenc Error: Unicode character é›» (U+96FB)
(inputenc)                not set up for use with LaTeX.

See the inputenc package documentation for explanation.
Type  H <return>  for immediate help.
 ...                                              
                                                  
l.1 ...¤ãƒ³ãƒ’ãƒ’ã‚™ãƒƒãƒˆè¨­è¨ˆ(äºŒé‡çµ¶ç¸)/é›»
                                                  æºç³»çµ±å›³/é›»æ± /SAP)ï¼...

You may provide a definition with
\DeclareUnicodeCharacter 


! Package inputenc Error: Unicode character æº (U+6E90)
(inputenc)                not set up for use with LaTeX.

See the inputenc package documentation for explanation.
Type  H <return>  for immediate help.
 ...                                              
                                                  
l.1 ...³ãƒ’ãƒ’ã‚™ãƒƒãƒˆè¨­è¨ˆ(äºŒé‡çµ¶ç¸)/é›»æº
                                                  ç³»çµ±å›³/é›»æ± /SAP)ï¼ˆæ±...

You may provide a definition with
\DeclareUnicodeCharacter 


! Package inputenc Error: Unicode character ç³» (U+7CFB)
(inputenc)                not set up for use with LaTeX.

See the inputenc package documentation for explanation.
Type  H <return>  for immediate help.
 ...                                              
                                                  
l.1 ...’ãƒ’ã‚™ãƒƒãƒˆè¨­è¨ˆ(äºŒé‡çµ¶ç¸)/é›»æºç³»
                                                  çµ±å›³/é›»æ± /SAP)ï¼ˆæ± è°...

You may provide a definition with
\DeclareUnicodeCharacter 


! Package inputenc Error: Unicode character çµ± (U+7D71)
(inputenc)                not set up for use with LaTeX.

See the inputenc package documentation for explanation.
Type  H <return>  for immediate help.
 ...                                              
                                                  
l.1 ...’ã‚™ãƒƒãƒˆè¨­è¨ˆ(äºŒé‡çµ¶ç¸)/é›»æºç³»çµ±
                                                  å›³/é›»æ± /SAP)ï¼ˆæ± è°·ãƒ...

You may provide a definition with
\DeclareUnicodeCharacter 


! Package inputenc Error: Unicode character å›³ (U+56F3)
(inputenc)                not set up for use with LaTeX.

See the inputenc package documentation for explanation.
Type  H <return>  for immediate help.
 ...                                              
                                                  
l.1 ...™ãƒƒãƒˆè¨­è¨ˆ(äºŒé‡çµ¶ç¸)/é›»æºç³»çµ±å›³
                                                  /é›»æ± /SAP)ï¼ˆæ± è°·ãƒ»ä¸...

You may provide a definition with
\DeclareUnicodeCharacter 

Missing character: There is no / in font nullfont!

! Package inputenc Error: Unicode character é›» (U+96FB)
(inputenc)                not set up for use with LaTeX.

See the inputenc package documentation for explanation.
Type  H <return>  for immediate help.
 ...                                              
                                                  
l.1 ...ãƒˆè¨­è¨ˆ(äºŒé‡çµ¶ç¸)/é›»æºç³»çµ±å›³/é›»
                                                  æ± /SAP)ï¼ˆæ± è°·ãƒ»ä¸­å¡š...

You may provide a definition with
\DeclareUnicodeCharacter 


! Package inputenc Error: Unicode character æ±  (U+6C60)
(inputenc)                not set up for use with LaTeX.

See the inputenc package documentation for explanation.
Type  H <return>  for immediate help.
 ...                                              
                                                  
l.1 ...è¨­è¨ˆ(äºŒé‡çµ¶ç¸)/é›»æºç³»çµ±å›³/é›»æ± 
                                                  /SAP)ï¼ˆæ± è°·ãƒ»ä¸­å¡šï¼‰}
You may provide a definition with
\DeclareUnicodeCharacter 

Missing character: There is no / in font nullfont!
Missing character: There is no S in font nullfont!
Missing character: There is no A in font nullfont!
Missing character: There is no P in font nullfont!
Missing character: There is no ) in font nullfont!

! Package inputenc Error: Unicode character ï¼ˆ (U+FF08)
(inputenc)                not set up for use with LaTeX.

See the inputenc package documentation for explanation.
Type  H <return>  for immediate help.
 ...                                              
                                                  
l.1 ...ºŒé‡çµ¶ç¸)/é›»æºç³»çµ±å›³/é›»æ± /SAP)ï¼ˆ
                                                  æ± è°·ãƒ»ä¸­å¡šï¼‰}
You may provide a definition with
\DeclareUnicodeCharacter 


! Package inputenc Error: Unicode character æ±  (U+6C60)
(inputenc)                not set up for use with LaTeX.

See the inputenc package documentation for explanation.
Type  H <return>  for immediate help.
 ...                                              
                                                  
l.1 ...‡çµ¶ç¸)/é›»æºç³»çµ±å›³/é›»æ± /SAP)ï¼ˆæ± 
                                                  è°·ãƒ»ä¸­å¡šï¼‰}
You may provide a definition with
\DeclareUnicodeCharacter 


! Package inputenc Error: Unicode character è°· (U+8C37)
(inputenc)                not set up for use with LaTeX.

See the inputenc package documentation for explanation.
Type  H <return>  for immediate help.
 ...                                              
                                                  
l.1 ...µ¶ç¸)/é›»æºç³»çµ±å›³/é›»æ± /SAP)ï¼ˆæ± è°·
                                                  ãƒ»ä¸­å¡šï¼‰}
You may provide a definition with
\DeclareUnicodeCharacter 


! Package inputenc Error: Unicode character ãƒ» (U+30FB)
(inputenc)                not set up for use with LaTeX.

See the inputenc package documentation for explanation.
Type  H <return>  for immediate help.
 ...                                              
                                                  
l.1 ...¸)/é›»æºç³»çµ±å›³/é›»æ± /SAP)ï¼ˆæ± è°·ãƒ»
                                                  ä¸­å¡šï¼‰}
You may provide a definition with
\DeclareUnicodeCharacter 


! Package inputenc Error: Unicode character ä¸­ (U+4E2D)
(inputenc)                not set up for use with LaTeX.

See the inputenc package documentation for explanation.
Type  H <return>  for immediate help.
 ...                                              
                                                  
l.1 .../é›»æºç³»çµ±å›³/é›»æ± /SAP)ï¼ˆæ± è°·ãƒ»ä¸­
                                                  å¡šï¼‰}
You may provide a definition with
\DeclareUnicodeCharacter 


! Package inputenc Error: Unicode character å¡š (U+585A)
(inputenc)                not set up for use with LaTeX.

See the inputenc package documentation for explanation.
Type  H <return>  for immediate help.
 ...                                              
                                                  
l.1 ...»æºç³»çµ±å›³/é›»æ± /SAP)ï¼ˆæ± è°·ãƒ»ä¸­å¡š
                                                  ï¼‰}
You may provide a definition with
\DeclareUnicodeCharacter 


! Package inputenc Error: Unicode character ï¼‰ (U+FF09)
(inputenc)                not set up for use with LaTeX.

See the inputenc package documentation for explanation.
Type  H <return>  for immediate help.
 ...                                              
                                                  
l.1 ...ç³»çµ±å›³/é›»æ± /SAP)ï¼ˆæ± è°·ãƒ»ä¸­å¡šï¼‰
                                                  }
You may provide a definition with
\DeclareUnicodeCharacter 

)
! Emergency stop.
<*> 03_1.tex
            
*** (job aborted, no legal \end found)

 
Here is how much of TeX's memory you used:
 31 strings out of 492639
 278 string characters out of 6133087
 57088 words of memory out of 5000000
 4020 multiletter control sequences out of 15000+600000
 3640 words of font info for 14 fonts, out of 8000000 for 9000
 1141 hyphenation exceptions out of 8191
 11i,0n,11p,140b,42s stack positions out of 5000i,500n,10000p,200000b,80000s
!  ==> Fatal error occurred, no output PDF file produced!
