This is e-upTeX, Version 3.14159265-p3.8.0-u1.23-180226-2.6 (utf8.uptex) (TeX Live 2018/W32TeX) (preloaded format=uplatex 2018.4.2)  12 APR 2019 20:12
entering extended mode
 restricted \write18 enabled.
 %&-line parsing enabled.
**03_4_OBC.tex
(./03_4_OBC.tex
pLaTeX2e <2018/03/09u02>+1 (based on LaTeX2e <2017-04-15>)
Babel <3.18> and hyphenation patterns for 84 language(s) loaded.
! Undefined control sequence.
l.3 \subsection
               {OBC}
The control sequence at the end of the top line
of your error message was never \def'ed. If you have
misspelled it (e.g., `\hobx'), type `I' and the correct
spelling (e.g., `I\hbox'). Otherwise just continue,
and I'll forget about whatever was undefined.


! LaTeX Error: Missing \begin{document}.

See the LaTeX manual or LaTeX Companion for explanation.
Type  H <return>  for immediate help.
 ...                                              
                                                  
l.3 \subsection{O
                 BC}
You're in trouble here.  Try typing  <return>  to proceed.
If that doesn't work, type  X <return>  to quit.

)
! Emergency stop.
<*> 03_4_OBC.tex
                
*** (job aborted, no legal \end found)

 
Here is how much of TeX's memory you used:
 4 strings out of 493600
 46 string characters out of 6149784
 55313 words of memory out of 5000000
 3726 multiletter control sequences out of 15000+600000
 6103 words of font info for 31 fonts, out of 8000000 for 9000
 929 hyphenation exceptions out of 8191
 5i,0n,4p,127b,16s stack positions out of 5000i,500n,10000p,500000b,80000s
No pages of output.
